/home/chris/simulator/app/ccr/t03.txt
Output: /home/chris/simulator/Ptrace/mixture4.ptrace
start running
withbubblemap: 4*4

0 1 2 -1 -1 -1 -1 -1 
3 4 5 -1 -1 -1 -1 -1 
6 7 8 -1 -1 -1 -1 -1 
-1 -1 -1 -1 -1 -1 -1 -1 
-1 -1 -1 -1 -1 -1 -1 -1 
-1 -1 -1 -1 -1 -1 -1 -1 
-1 -1 -1 -1 -1 -1 -1 -1 
-1 -1 -1 -1 -1 -1 -1 -1 

time : 500
1	
1	
do local Dark Migration for app1
Hot task:0
migrate succcessfully

-1 1 2 0 -1 -1 -1 -1 
3 4 5 -1 -1 -1 -1 -1 
6 7 8 -1 -1 -1 -1 -1 
-1 -1 -1 -1 -1 -1 -1 -1 
-1 -1 -1 -1 -1 -1 -1 -1 
-1 -1 -1 -1 -1 -1 -1 -1 
-1 -1 -1 -1 -1 -1 -1 -1 
-1 -1 -1 -1 -1 -1 -1 -1 

time : 1500
1	1	
1	
do local Dark Migration for app1
Hot task:1
Hot task:5
migrate succcessfully

-1 -1 2 0 -1 -1 -1 -1 
3 4 -1 -1 -1 -1 -1 -1 
6 7 8 -1 -1 -1 -1 -1 
1 5 -1 -1 -1 -1 -1 -1 
-1 -1 -1 -1 -1 -1 -1 -1 
-1 -1 -1 -1 -1 -1 -1 -1 
-1 -1 -1 -1 -1 -1 -1 -1 
-1 -1 -1 -1 -1 -1 -1 -1 

time : 2500
1	
1	
do local Dark Migration for app1
Hot task:6
migrate succcessfully

-1 -1 2 0 -1 -1 -1 -1 
3 4 -1 -1 -1 -1 -1 -1 
-1 7 8 -1 -1 -1 -1 -1 
1 5 -1 6 -1 -1 -1 -1 
-1 -1 -1 -1 -1 -1 -1 -1 
-1 -1 -1 -1 -1 -1 -1 -1 
-1 -1 -1 -1 -1 -1 -1 -1 
-1 -1 -1 -1 -1 -1 -1 -1 

time : 3000
1	
1	
do local Dark Migration for app1
Hot task:2
migrate succcessfully

2 -1 -1 0 -1 -1 -1 -1 
3 4 -1 -1 -1 -1 -1 -1 
-1 7 8 -1 -1 -1 -1 -1 
1 5 -1 6 -1 -1 -1 -1 
-1 -1 -1 -1 -1 -1 -1 -1 
-1 -1 -1 -1 -1 -1 -1 -1 
-1 -1 -1 -1 -1 -1 -1 -1 
-1 -1 -1 -1 -1 -1 -1 -1 

time : 3500
1	
1	
do local Dark Migration for app1
Hot task:7
migrate succcessfully

2 -1 -1 0 -1 -1 -1 -1 
3 4 -1 -1 -1 -1 -1 -1 
-1 -1 8 7 -1 -1 -1 -1 
1 5 -1 6 -1 -1 -1 -1 
-1 -1 -1 -1 -1 -1 -1 -1 
-1 -1 -1 -1 -1 -1 -1 -1 
-1 -1 -1 -1 -1 -1 -1 -1 
-1 -1 -1 -1 -1 -1 -1 -1 

time : 4000
1	
1	
do local Dark Migration for app1
Hot task:3
migrate succcessfully

2 -1 -1 0 -1 -1 -1 -1 
-1 4 -1 -1 -1 -1 -1 -1 
-1 -1 8 7 -1 -1 -1 -1 
1 5 3 6 -1 -1 -1 -1 
-1 -1 -1 -1 -1 -1 -1 -1 
-1 -1 -1 -1 -1 -1 -1 -1 
-1 -1 -1 -1 -1 -1 -1 -1 
-1 -1 -1 -1 -1 -1 -1 -1 

time : 4500
1	
1	
do local Dark Migration for app1
Hot task:8
migrate succcessfully

2 -1 8 0 -1 -1 -1 -1 
-1 4 -1 -1 -1 -1 -1 -1 
-1 -1 -1 7 -1 -1 -1 -1 
1 5 3 6 -1 -1 -1 -1 
-1 -1 -1 -1 -1 -1 -1 -1 
-1 -1 -1 -1 -1 -1 -1 -1 
-1 -1 -1 -1 -1 -1 -1 -1 
-1 -1 -1 -1 -1 -1 -1 -1 

time : 5000
1	
1	
do local Dark Migration for app1
Hot task:4
migrate succcessfully

2 -1 8 0 -1 -1 -1 -1 
-1 -1 -1 4 -1 -1 -1 -1 
-1 -1 -1 7 -1 -1 -1 -1 
1 5 3 6 -1 -1 -1 -1 
-1 -1 -1 -1 -1 -1 -1 -1 
-1 -1 -1 -1 -1 -1 -1 -1 
-1 -1 -1 -1 -1 -1 -1 -1 
-1 -1 -1 -1 -1 -1 -1 -1 

APP 1 finished
 arrive at 0 finished at 5202
 waiting time: 0
 execution time: 5202
migratetimes: 8
migrate_distance: 26
total running time: 5203

-1 -1 -1 -1 -1 -1 -1 -1 
-1 -1 -1 -1 -1 -1 -1 -1 
-1 -1 -1 -1 -1 -1 -1 -1 
-1 -1 -1 -1 -1 -1 -1 -1 
-1 -1 -1 -1 -1 -1 -1 -1 
-1 -1 -1 -1 -1 -1 -1 -1 
-1 -1 -1 -1 -1 -1 -1 -1 
-1 -1 -1 -1 -1 -1 -1 -1 

