/home/chris/simulator/app/ccr/t045.txt
Output: /home/chris/simulator/Ptrace/mixture4.ptrace
start running
withbubblemap: 4*4

0 1 2 -1 -1 -1 -1 -1 
3 4 5 -1 -1 -1 -1 -1 
6 7 8 -1 -1 -1 -1 -1 
-1 -1 -1 -1 -1 -1 -1 -1 
-1 -1 -1 -1 -1 -1 -1 -1 
-1 -1 -1 -1 -1 -1 -1 -1 
-1 -1 -1 -1 -1 -1 -1 -1 
-1 -1 -1 -1 -1 -1 -1 -1 

time : 500
1	
1	
do local Dark Migration for app1
Hot task:0
migrate succcessfully

-1 1 2 0 -1 -1 -1 -1 
3 4 5 -1 -1 -1 -1 -1 
6 7 8 -1 -1 -1 -1 -1 
-1 -1 -1 -1 -1 -1 -1 -1 
-1 -1 -1 -1 -1 -1 -1 -1 
-1 -1 -1 -1 -1 -1 -1 -1 
-1 -1 -1 -1 -1 -1 -1 -1 
-1 -1 -1 -1 -1 -1 -1 -1 

time : 1500
1	1	
1	
do local Dark Migration for app1
Hot task:1
Hot task:5
migrate succcessfully

-1 -1 2 0 -1 -1 -1 -1 
3 4 -1 -1 -1 -1 -1 -1 
6 7 8 -1 -1 -1 -1 -1 
1 5 -1 -1 -1 -1 -1 -1 
-1 -1 -1 -1 -1 -1 -1 -1 
-1 -1 -1 -1 -1 -1 -1 -1 
-1 -1 -1 -1 -1 -1 -1 -1 
-1 -1 -1 -1 -1 -1 -1 -1 

time : 3000
1	
1	
do local Dark Migration for app1
Hot task:6
migrate succcessfully

-1 -1 2 0 -1 -1 -1 -1 
3 4 -1 -1 -1 -1 -1 -1 
-1 7 8 -1 -1 -1 -1 -1 
1 5 -1 6 -1 -1 -1 -1 
-1 -1 -1 -1 -1 -1 -1 -1 
-1 -1 -1 -1 -1 -1 -1 -1 
-1 -1 -1 -1 -1 -1 -1 -1 
-1 -1 -1 -1 -1 -1 -1 -1 

time : 4500
1	
1	
do local Dark Migration for app1
Hot task:7
migrate succcessfully

7 -1 2 0 -1 -1 -1 -1 
3 4 -1 -1 -1 -1 -1 -1 
-1 -1 8 -1 -1 -1 -1 -1 
1 5 -1 6 -1 -1 -1 -1 
-1 -1 -1 -1 -1 -1 -1 -1 
-1 -1 -1 -1 -1 -1 -1 -1 
-1 -1 -1 -1 -1 -1 -1 -1 
-1 -1 -1 -1 -1 -1 -1 -1 

time : 6000
1	1	
1	
do local Dark Migration for app1
Hot task:4
Hot task:8
migrate succcessfully

7 -1 2 0 -1 -1 -1 -1 
3 -1 -1 4 -1 -1 -1 -1 
-1 -1 -1 -1 -1 -1 -1 -1 
1 5 8 6 -1 -1 -1 -1 
-1 -1 -1 -1 -1 -1 -1 -1 
-1 -1 -1 -1 -1 -1 -1 -1 
-1 -1 -1 -1 -1 -1 -1 -1 
-1 -1 -1 -1 -1 -1 -1 -1 

APP 1 finished
 arrive at 0 finished at 6302
 waiting time: 0
 execution time: 6302
migratetimes: 5
migrate_distance: 20
total running time: 6303

-1 -1 -1 -1 -1 -1 -1 -1 
-1 -1 -1 -1 -1 -1 -1 -1 
-1 -1 -1 -1 -1 -1 -1 -1 
-1 -1 -1 -1 -1 -1 -1 -1 
-1 -1 -1 -1 -1 -1 -1 -1 
-1 -1 -1 -1 -1 -1 -1 -1 
-1 -1 -1 -1 -1 -1 -1 -1 
-1 -1 -1 -1 -1 -1 -1 -1 

