c:\users\bingl\desktop\simulate tools\generator\x64\release\vc140.pdb
c:\users\bingl\desktop\simulate tools\generator\x64\release\vertex.obj
c:\users\bingl\desktop\simulate tools\generator\x64\release\task.obj
c:\users\bingl\desktop\simulate tools\generator\x64\release\application.obj
c:\users\bingl\desktop\simulate tools\generator\x64\release\main.obj
c:\users\bingl\desktop\simulate tools\simulator\x64\release\generator.exe
c:\users\bingl\desktop\simulate tools\simulator\x64\release\generator.ipdb
c:\users\bingl\desktop\simulate tools\simulator\x64\release\generator.iobj
c:\users\bingl\desktop\simulate tools\simulator\x64\release\generator.pdb
c:\users\bingl\desktop\新建文件夹\simulate tools\generator\x64\release\application.obj
c:\users\bingl\desktop\新建文件夹\simulate tools\generator\x64\release\main.obj
c:\users\bingl\desktop\新建文件夹\simulate tools\generator\x64\release\task.obj
c:\users\bingl\desktop\新建文件夹\simulate tools\generator\x64\release\vertex.obj
c:\users\bingl\desktop\新建文件夹\simulate tools\generator\x64\release\vc140.pdb
c:\users\bingl\desktop\新建文件夹\simulate tools\simulator\x64\release\generator.pdb
c:\users\bingl\desktop\新建文件夹\simulate tools\simulator\x64\release\generator.exe
c:\users\bingl\desktop\新建文件夹\simulate tools\generator\x64\release\generator.tlog\cl.command.1.tlog
c:\users\bingl\desktop\新建文件夹\simulate tools\generator\x64\release\generator.tlog\cl.read.1.tlog
c:\users\bingl\desktop\新建文件夹\simulate tools\generator\x64\release\generator.tlog\cl.write.1.tlog
c:\users\bingl\desktop\新建文件夹\simulate tools\generator\x64\release\generator.tlog\link.command.1.tlog
c:\users\bingl\desktop\新建文件夹\simulate tools\generator\x64\release\generator.tlog\link.read.1.tlog
c:\users\bingl\desktop\新建文件夹\simulate tools\generator\x64\release\generator.tlog\link.write.1.tlog
