/home/chris/simulator/app/arrivalrate/a500/t1.txt
/home/chris/simulator/app/arrivalrate/a500/t2.txt
/home/chris/simulator/app/arrivalrate/a500/t3.txt
/home/chris/simulator/app/arrivalrate/a500/t4.txt
/home/chris/simulator/app/arrivalrate/a500/t5.txt
/home/chris/simulator/app/arrivalrate/a500/t6.txt
/home/chris/simulator/app/arrivalrate/a500/t7.txt
Output: /home/chris/simulator/Ptrace/mixture3.ptrace
start running
time : 0

1 1 1 1 1 1 1 1 
1 -1 -1 -1 -1 -1 -1 -1 
-1 -1 -1 -1 -1 -1 -1 -1 
-1 -1 -1 -1 -1 -1 -1 -1 
-1 -1 -1 -1 -1 -1 -1 -1 
-1 -1 -1 -1 -1 -1 -1 -1 
-1 -1 -1 -1 -1 -1 -1 -1 
-1 -1 -1 -1 -1 -1 -1 -1 

time : 500

1 1 1 1 1 1 1 1 
1 2 2 2 2 2 2 2 
2 2 -1 -1 -1 -1 -1 -1 
-1 -1 -1 -1 -1 -1 -1 -1 
-1 -1 -1 -1 -1 -1 -1 -1 
-1 -1 -1 -1 -1 -1 -1 -1 
-1 -1 -1 -1 -1 -1 -1 -1 
-1 -1 -1 -1 -1 -1 -1 -1 

time : 500
1	
1	
do GlobalColdest Migration for app1
Hot task:0
migrate succcessfully

-1 1 1 1 1 1 1 1 
1 2 2 2 2 2 2 2 
2 2 -1 -1 -1 -1 -1 1 
-1 -1 -1 -1 -1 -1 -1 -1 
-1 -1 -1 -1 -1 -1 -1 -1 
-1 -1 -1 -1 -1 -1 -1 -1 
-1 -1 -1 -1 -1 -1 -1 -1 
-1 -1 -1 -1 -1 -1 -1 -1 

time : 1000

3 1 1 1 1 1 1 1 
1 2 2 2 2 2 2 2 
2 2 3 3 3 3 3 1 
3 3 3 -1 -1 -1 -1 -1 
-1 -1 -1 -1 -1 -1 -1 -1 
-1 -1 -1 -1 -1 -1 -1 -1 
-1 -1 -1 -1 -1 -1 -1 -1 
-1 -1 -1 -1 -1 -1 -1 -1 

time : 1000
2	
2	
do GlobalColdest Migration for app2
Hot task:0
migrate succcessfully

3 1 1 1 1 1 1 1 
1 -1 2 2 2 2 2 2 
2 2 3 3 3 3 3 1 
3 3 3 -1 -1 -1 -1 -1 
-1 -1 -1 -1 -1 -1 -1 -1 
-1 -1 -1 -1 -1 -1 -1 -1 
-1 -1 -1 -1 -1 -1 -1 -1 
2 -1 -1 -1 -1 -1 -1 -1 

time : 1500

3 1 1 1 1 1 1 1 
1 4 2 2 2 2 2 2 
2 2 3 3 3 3 3 1 
3 3 3 4 4 4 4 4 
4 4 4 -1 -1 -1 -1 -1 
-1 -1 -1 -1 -1 -1 -1 -1 
-1 -1 -1 -1 -1 -1 -1 -1 
2 -1 -1 -1 -1 -1 -1 -1 

time : 1500
3	1	1	1	1	
1	3	
do GlobalColdest Migration for app1
Hot task:3
Hot task:4
Hot task:5
Hot task:6
migrate succcessfully
do GlobalColdest Migration for app3
Hot task:0
migrate succcessfully

-1 1 1 -1 -1 -1 -1 1 
1 4 2 2 2 2 2 2 
2 2 3 3 3 3 3 1 
3 3 3 4 4 4 4 4 
4 4 4 -1 -1 -1 -1 -1 
1 -1 -1 -1 -1 -1 -1 1 
-1 -1 -1 -1 -1 -1 -1 3 
2 -1 -1 -1 -1 -1 1 1 

time : 2000

5 1 1 5 5 5 5 1 
1 4 2 2 2 2 2 2 
2 2 3 3 3 3 3 1 
3 3 3 4 4 4 4 4 
4 4 4 5 5 5 5 -1 
1 -1 -1 -1 -1 -1 -1 1 
-1 -1 -1 -1 -1 -1 -1 3 
2 -1 -1 -1 -1 -1 1 1 

time : 2000
1	1	4	
1	4	
do GlobalColdest Migration for app1
Hot task:1
Hot task:8
migrate succcessfully
do GlobalColdest Migration for app4
Hot task:0
migrate succcessfully

5 -1 1 5 5 5 5 1 
-1 -1 2 2 2 2 2 2 
2 2 3 3 3 3 3 1 
3 3 3 4 4 4 4 4 
4 4 4 5 5 5 5 4 
1 -1 -1 -1 -1 -1 -1 1 
-1 -1 -1 -1 -1 -1 -1 3 
2 -1 -1 1 1 -1 1 1 

APP 1 finished
 arrive at 0 finished at 2001
 waiting time: 0
 execution time: 2001
migratetimes: 3
migrate_distance: 64
time : 2500

5 6 6 5 5 5 5 6 
6 6 2 2 2 2 2 2 
2 2 3 3 3 3 3 6 
3 3 3 4 4 4 4 4 
4 4 4 5 5 5 5 4 
6 6 6 -1 -1 -1 -1 -1 
-1 -1 -1 -1 -1 -1 -1 3 
2 -1 -1 -1 -1 -1 -1 -1 

time : 2500
5	2	2	2	
2	5	
do GlobalColdest Migration for app2
Hot task:1
Hot task:2
Hot task:3
migrate succcessfully
do GlobalColdest Migration for app5
Hot task:0
migrate succcessfully

-1 6 6 5 5 5 5 6 
6 6 -1 -1 -1 2 2 2 
2 2 3 3 3 3 3 6 
3 3 3 4 4 4 4 4 
4 4 4 5 5 5 5 4 
6 6 6 -1 -1 -1 -1 -1 
-1 -1 -1 5 -1 -1 -1 3 
2 -1 2 2 2 -1 -1 -1 

time : 3000

7 6 6 5 5 5 5 6 
6 6 7 7 7 2 2 2 
2 2 3 3 3 3 3 6 
3 3 3 4 4 4 4 4 
4 4 4 5 5 5 5 4 
6 6 6 7 7 7 7 7 
-1 -1 -1 5 -1 -1 -1 3 
2 -1 2 2 2 -1 -1 -1 

time : 3000
6	3	3	4	4	4	
3	4	6	
do GlobalColdest Migration for app3
Hot task:1
Hot task:2
migrate succcessfully
do GlobalColdest Migration for app4
Hot task:1
Hot task:2
Hot task:3
migrate succcessfully
do GlobalColdest Migration for app6
Hot task:0
migrate succcessfully

7 -1 6 5 5 5 5 6 
6 6 7 7 7 2 2 2 
2 2 -1 -1 3 3 3 6 
3 3 3 -1 -1 -1 4 4 
4 4 4 5 5 5 5 4 
6 6 6 7 7 7 7 7 
3 3 -1 5 -1 4 4 3 
2 -1 2 2 2 6 4 -1 

time : 3500
7	5	
5	7	
do GlobalColdest Migration for app5
Hot task:1
migrate succcessfully
do GlobalColdest Migration for app7
Hot task:0
migrate succcessfully

-1 -1 6 -1 5 5 5 6 
6 6 7 7 7 2 2 2 
2 2 -1 -1 3 3 3 6 
3 3 3 -1 -1 -1 4 4 
4 4 4 5 5 5 5 4 
6 6 6 7 7 7 7 7 
3 3 -1 5 -1 4 4 3 
2 7 2 2 2 6 4 5 

time : 4000
2	2	2	3	4	4	4	6	6	
2	3	4	6	
do GlobalColdest Migration for app2
Hot task:5
Hot task:6
Hot task:7
migrate succcessfully
do GlobalColdest Migration for app3
Hot task:6
migrate succcessfully
do GlobalColdest Migration for app4
Hot task:4
Hot task:5
Hot task:8
migrate succcessfully
do GlobalColdest Migration for app6
Hot task:7
Hot task:8
migrate succcessfully

6 4 6 -1 5 5 5 6 
6 6 7 7 7 2 -1 -1 
-1 2 6 4 3 3 3 6 
-1 3 3 2 3 4 -1 -1 
4 4 -1 5 5 5 5 4 
6 -1 -1 7 7 7 7 7 
3 3 2 5 2 4 4 3 
2 7 2 2 2 6 4 5 

APP 2 finished
 arrive at 500 finished at 4101
 waiting time: 0
 execution time: 3601
migratetimes: 3
migrate_distance: 50
time : 4500
6	6	6	6	7	3	3	3	4	
3	4	6	7	
do GlobalColdest Migration for app3
Hot task:3
Hot task:4
Hot task:5
migrate succcessfully
do GlobalColdest Migration for app4
Hot task:6
migrate succcessfully
do GlobalColdest Migration for app6
Hot task:1
Hot task:2
Hot task:3
Hot task:4
migrate succcessfully
do GlobalColdest Migration for app7
Hot task:1
migrate succcessfully

6 4 -1 7 5 5 5 -1 
-1 -1 -1 7 7 -1 -1 -1 
-1 -1 6 4 -1 -1 -1 6 
-1 3 3 6 3 4 -1 -1 
-1 4 -1 5 5 5 5 4 
6 -1 6 7 7 7 7 7 
3 3 6 5 3 4 4 3 
3 7 6 3 4 6 4 5 

APP 4 finished
 arrive at 1500 finished at 4501
 waiting time: 0
 execution time: 3001
migratetimes: 4
migrate_distance: 42
APP 6 finished
 arrive at 2500 finished at 4801
 waiting time: 0
 execution time: 2301
migratetimes: 3
migrate_distance: 50
time : 5000
5	5	7	5	
5	7	
do GlobalColdest Migration for app5
Hot task:3
Hot task:4
Hot task:5
migrate succcessfully
do GlobalColdest Migration for app7
Hot task:2
migrate succcessfully

-1 -1 -1 7 5 -1 -1 -1 
-1 -1 -1 -1 7 -1 -1 -1 
-1 -1 -1 -1 -1 -1 -1 -1 
-1 3 3 -1 3 -1 -1 -1 
-1 -1 -1 -1 5 5 5 5 
-1 -1 -1 7 7 7 7 7 
3 3 -1 5 3 -1 5 3 
3 7 -1 3 7 5 -1 5 

time : 5500
7	3	3	7	
3	7	
do GlobalColdest Migration for app3
Hot task:7
Hot task:8
migrate succcessfully
do GlobalColdest Migration for app7
Hot task:3
Hot task:5
migrate succcessfully

-1 -1 -1 7 5 -1 -1 -1 
-1 -1 -1 -1 -1 -1 -1 -1 
-1 -1 -1 -1 -1 -1 -1 -1 
-1 -1 -1 -1 3 -1 -1 -1 
-1 -1 -1 -1 5 5 5 5 
-1 -1 -1 7 -1 7 7 7 
3 3 7 5 3 3 5 3 
3 7 7 3 7 5 3 5 

APP 3 finished
 arrive at 1000 finished at 5701
 waiting time: 0
 execution time: 4701
migratetimes: 5
migrate_distance: 66
time : 6000
5	5	7	
5	7	
do GlobalColdest Migration for app5
Hot task:7
Hot task:8
migrate succcessfully
do GlobalColdest Migration for app7
Hot task:4
migrate succcessfully

-1 -1 -1 7 5 -1 -1 -1 
-1 -1 -1 -1 -1 -1 -1 -1 
-1 -1 -1 -1 -1 -1 -1 -1 
-1 -1 -1 -1 -1 -1 -1 -1 
-1 -1 -1 -1 5 -1 -1 5 
-1 -1 -1 -1 -1 7 7 7 
5 -1 7 5 -1 -1 5 7 
5 7 7 -1 7 5 -1 5 

APP 5 finished
 arrive at 2000 finished at 6101
 waiting time: 0
 execution time: 4101
migratetimes: 4
migrate_distance: 53
time : 6500
7	
7	
do GlobalColdest Migration for app7
Hot task:7
migrate succcessfully

-1 -1 -1 7 -1 -1 -1 -1 
-1 -1 -1 -1 -1 -1 -1 -1 
-1 -1 -1 -1 -1 -1 -1 -1 
-1 -1 -1 -1 -1 -1 -1 -1 
-1 -1 -1 -1 -1 -1 -1 -1 
-1 -1 -1 -1 -1 7 -1 7 
-1 -1 7 -1 -1 -1 -1 7 
-1 7 7 -1 7 -1 -1 7 

time : 7000
7	
7	
do GlobalColdest Migration for app7
Hot task:8
migrate succcessfully

-1 -1 -1 7 -1 -1 -1 -1 
-1 -1 -1 -1 -1 -1 -1 -1 
-1 -1 -1 -1 -1 -1 -1 -1 
-1 -1 -1 -1 -1 -1 -1 -1 
-1 -1 -1 -1 -1 -1 -1 -1 
-1 -1 -1 -1 -1 7 -1 -1 
-1 -1 7 -1 -1 -1 -1 7 
-1 7 7 -1 7 7 -1 7 

APP 7 finished
 arrive at 3000 finished at 7003
 waiting time: 0
 execution time: 4003
migratetimes: 7
migrate_distance: 40
total running time: 7004

-1 -1 -1 -1 -1 -1 -1 -1 
-1 -1 -1 -1 -1 -1 -1 -1 
-1 -1 -1 -1 -1 -1 -1 -1 
-1 -1 -1 -1 -1 -1 -1 -1 
-1 -1 -1 -1 -1 -1 -1 -1 
-1 -1 -1 -1 -1 -1 -1 -1 
-1 -1 -1 -1 -1 -1 -1 -1 
-1 -1 -1 -1 -1 -1 -1 -1 

