/home/chris/simulator/app/arrivalrate/a500/t1.txt
/home/chris/simulator/app/arrivalrate/a500/t2.txt
/home/chris/simulator/app/arrivalrate/a500/t3.txt
/home/chris/simulator/app/arrivalrate/a500/t4.txt
/home/chris/simulator/app/arrivalrate/a500/t5.txt
/home/chris/simulator/app/arrivalrate/a500/t6.txt
/home/chris/simulator/app/arrivalrate/a500/t7.txt
Output: /home/chris/simulator/Ptrace/mixture4.ptrace
start running
withbubblemap: 4*4
time : 0

1 1 1 -1 -1 -1 -1 -1 
1 1 1 -1 -1 -1 -1 -1 
1 1 1 -1 -1 -1 -1 -1 
-1 -1 -1 -1 -1 -1 -1 -1 
-1 -1 -1 -1 -1 -1 -1 -1 
-1 -1 -1 -1 -1 -1 -1 -1 
-1 -1 -1 -1 -1 -1 -1 -1 
-1 -1 -1 -1 -1 -1 -1 -1 

withbubblemap: 4*4
time : 500

1 1 1 -1 2 2 2 -1 
1 1 1 -1 2 2 2 -1 
1 1 1 -1 2 2 2 -1 
-1 -1 -1 -1 -1 -1 -1 -1 
-1 -1 -1 -1 -1 -1 -1 -1 
-1 -1 -1 -1 -1 -1 -1 -1 
-1 -1 -1 -1 -1 -1 -1 -1 
-1 -1 -1 -1 -1 -1 -1 -1 

time : 500
1	
1	
do local Dark Migration for app1
Hot task:0
migrate succcessfully

-1 1 1 1 2 2 2 -1 
1 1 1 -1 2 2 2 -1 
1 1 1 -1 2 2 2 -1 
-1 -1 -1 -1 -1 -1 -1 -1 
-1 -1 -1 -1 -1 -1 -1 -1 
-1 -1 -1 -1 -1 -1 -1 -1 
-1 -1 -1 -1 -1 -1 -1 -1 
-1 -1 -1 -1 -1 -1 -1 -1 

withbubblemap: 4*4
time : 1000

-1 1 1 1 2 2 2 -1 
1 1 1 -1 2 2 2 -1 
1 1 1 -1 2 2 2 -1 
-1 -1 -1 -1 -1 -1 -1 -1 
3 3 3 -1 -1 -1 -1 -1 
3 3 3 -1 -1 -1 -1 -1 
3 3 3 -1 -1 -1 -1 -1 
-1 -1 -1 -1 -1 -1 -1 -1 

time : 1000
1	2	
1	2	
do local Dark Migration for app1
Hot task:2
migrate succcessfully
do local Dark Migration for app2
Hot task:0
migrate succcessfully

-1 1 -1 1 -1 2 2 2 
1 1 1 -1 2 2 2 -1 
1 1 1 -1 2 2 2 -1 
-1 -1 -1 1 -1 -1 -1 -1 
3 3 3 -1 -1 -1 -1 -1 
3 3 3 -1 -1 -1 -1 -1 
3 3 3 -1 -1 -1 -1 -1 
-1 -1 -1 -1 -1 -1 -1 -1 

withbubblemap: 4*4
time : 1500

-1 1 -1 1 -1 2 2 2 
1 1 1 -1 2 2 2 -1 
1 1 1 -1 2 2 2 -1 
-1 -1 -1 1 -1 -1 -1 -1 
3 3 3 -1 4 4 4 -1 
3 3 3 -1 4 4 4 -1 
3 3 3 -1 4 4 4 -1 
-1 -1 -1 -1 -1 -1 -1 -1 

time : 1500
2	1	1	1	1	1	3	
1	2	3	
do local Dark Migration for app1
Hot task:3
Hot task:4
Hot task:6
Hot task:7
Hot task:8
migrate succcessfully
do local Dark Migration for app2
Hot task:2
migrate succcessfully
do local Dark Migration for app3
Hot task:0
migrate succcessfully

-1 1 -1 1 -1 2 -1 2 
-1 -1 1 1 2 2 2 -1 
-1 -1 -1 1 2 2 2 2 
1 1 1 1 -1 -1 -1 -1 
-1 3 3 -1 4 4 4 -1 
3 3 3 -1 4 4 4 -1 
3 3 3 -1 4 4 4 -1 
3 -1 -1 -1 -1 -1 -1 -1 

APP 1 finished
 arrive at 0 finished at 1701
 waiting time: 0
 execution time: 1701
migratetimes: 3
migrate_distance: 20
withbubblemap: 4*4
time : 2000

5 5 5 -1 -1 2 -1 2 
5 5 5 -1 2 2 2 -1 
5 5 5 -1 2 2 2 2 
-1 -1 -1 -1 -1 -1 -1 -1 
-1 3 3 -1 4 4 4 -1 
3 3 3 -1 4 4 4 -1 
3 3 3 -1 4 4 4 -1 
3 -1 -1 -1 -1 -1 -1 -1 

time : 2000
2	4	
2	4	
do local Dark Migration for app2
Hot task:3
migrate succcessfully
do local Dark Migration for app4
Hot task:0
migrate succcessfully

5 5 5 -1 -1 2 -1 2 
5 5 5 -1 -1 2 2 -1 
5 5 5 -1 2 2 2 2 
-1 -1 -1 -1 -1 -1 2 -1 
-1 3 3 -1 -1 4 4 -1 
3 3 3 -1 4 4 4 -1 
3 3 3 -1 4 4 4 -1 
3 -1 -1 -1 -1 -1 -1 4 

time : 2500
5	2	2	2	2	2	3	3	
2	3	5	
do local Dark Migration for app2
Hot task:4
Hot task:5
Hot task:6
Hot task:7
Hot task:8
migrate succcessfully
do local Dark Migration for app3
Hot task:1
Hot task:2
migrate succcessfully
do local Dark Migration for app5
Hot task:0
migrate succcessfully

-1 5 5 5 2 2 -1 2 
5 5 5 -1 -1 -1 -1 2 
5 5 5 -1 -1 -1 -1 2 
-1 -1 -1 -1 2 2 2 2 
-1 -1 -1 -1 -1 4 4 -1 
3 3 3 -1 4 4 4 -1 
3 3 3 -1 4 4 4 -1 
3 -1 3 3 -1 -1 -1 4 

APP 2 finished
 arrive at 500 finished at 2801
 waiting time: 0
 execution time: 2301
migratetimes: 4
migrate_distance: 25
withbubblemap: 4*4
time : 2802

-1 5 5 5 6 6 6 -1 
5 5 5 -1 6 6 6 -1 
5 5 5 -1 6 6 6 -1 
-1 -1 -1 -1 -1 -1 -1 -1 
-1 -1 -1 -1 -1 4 4 -1 
3 3 3 -1 4 4 4 -1 
3 3 3 -1 4 4 4 -1 
3 -1 3 3 -1 -1 -1 4 

time : 3000
5	6	4	4	4	
4	5	6	
do local Dark Migration for app4
Hot task:1
Hot task:2
Hot task:3
migrate succcessfully
do local Dark Migration for app5
Hot task:2
migrate succcessfully
do local Dark Migration for app6
Hot task:0
migrate succcessfully

-1 5 -1 5 -1 6 6 6 
5 5 5 -1 6 6 6 -1 
5 5 5 -1 6 6 6 -1 
5 -1 -1 -1 -1 -1 -1 -1 
-1 -1 -1 -1 -1 -1 -1 -1 
3 3 3 -1 -1 4 4 4 
3 3 3 -1 4 4 4 4 
3 -1 3 3 -1 4 -1 4 

time : 3500
3	3	3	3	
3	
do local Dark Migration for app3
Hot task:3
Hot task:4
Hot task:5
Hot task:6
migrate succcessfully

-1 5 -1 5 -1 6 6 6 
5 5 5 -1 6 6 6 -1 
5 5 5 -1 6 6 6 -1 
5 -1 -1 -1 -1 -1 -1 -1 
3 -1 -1 3 -1 -1 -1 -1 
-1 -1 -1 -1 -1 4 4 4 
-1 3 3 3 4 4 4 4 
3 3 3 3 -1 4 -1 4 

time : 4000
6	6	5	5	5	6	6	5	6	6	4	4	4	4	
4	5	6	
do local Dark Migration for app4
Hot task:4
Hot task:5
Hot task:6
Hot task:7
migrate succcessfully
do local Dark Migration for app5
Hot task:3
Hot task:4
Hot task:5
Hot task:6
migrate succcessfully
do local Dark Migration for app6
Hot task:1
Hot task:2
Hot task:4
Hot task:5
Hot task:7
Hot task:8
migrate succcessfully

-1 5 -1 5 -1 -1 -1 6 
-1 -1 -1 -1 6 -1 -1 6 
-1 5 5 5 6 -1 -1 6 
5 5 5 5 6 6 6 6 
3 -1 -1 3 4 -1 -1 4 
-1 -1 -1 -1 -1 -1 -1 4 
-1 3 3 3 -1 -1 4 4 
3 3 3 3 4 4 4 4 

APP 4 finished
 arrive at 1500 finished at 4102
 waiting time: 0
 execution time: 2602
migratetimes: 3
migrate_distance: 28
withbubblemap: 4*4
time : 4103

-1 5 -1 5 -1 -1 -1 6 
-1 -1 -1 -1 6 -1 -1 6 
-1 5 5 5 6 -1 -1 6 
5 5 5 5 6 6 6 6 
3 -1 -1 3 7 7 7 -1 
-1 -1 -1 -1 7 7 7 -1 
-1 3 3 3 7 7 7 -1 
3 3 3 3 -1 -1 -1 -1 

time : 4500
6	7	3	
3	6	7	
do local Dark Migration for app3
Hot task:8
migrate succcessfully
do local Dark Migration for app6
Hot task:6
migrate succcessfully
do local Dark Migration for app7
Hot task:0
migrate succcessfully

-1 5 -1 5 6 -1 -1 6 
-1 -1 -1 -1 6 -1 -1 6 
-1 5 5 5 -1 -1 -1 6 
5 5 5 5 6 6 6 6 
3 -1 3 3 -1 7 7 -1 
-1 -1 -1 -1 7 7 7 -1 
-1 3 -1 3 7 7 7 -1 
3 3 3 3 -1 -1 -1 7 

APP 3 finished
 arrive at 1000 finished at 4501
 waiting time: 0
 execution time: 3501
migratetimes: 4
migrate_distance: 23
APP 6 finished
 arrive at 2500 finished at 4503
 waiting time: 302
 execution time: 1701
migratetimes: 3
migrate_distance: 23
time : 5000
5	
5	
do local Dark Migration for app5
Hot task:7
migrate succcessfully

5 5 -1 5 -1 -1 -1 -1 
-1 -1 -1 -1 -1 -1 -1 -1 
-1 -1 5 5 -1 -1 -1 -1 
5 5 5 5 -1 -1 -1 -1 
-1 -1 -1 -1 -1 7 7 -1 
-1 -1 -1 -1 7 7 7 -1 
-1 -1 -1 -1 7 7 7 -1 
-1 -1 -1 -1 -1 -1 -1 7 

APP 5 finished
 arrive at 2000 finished at 5001
 waiting time: 0
 execution time: 3001
migratetimes: 4
migrate_distance: 23
time : 5500
7	7	
7	
do local Dark Migration for app7
Hot task:1
Hot task:2
migrate succcessfully

-1 -1 -1 -1 -1 -1 -1 -1 
-1 -1 -1 -1 -1 -1 -1 -1 
-1 -1 -1 -1 -1 -1 -1 -1 
-1 -1 -1 -1 -1 -1 -1 -1 
-1 -1 -1 -1 -1 -1 -1 -1 
-1 -1 -1 -1 7 7 7 -1 
-1 -1 -1 -1 7 7 7 -1 
-1 -1 -1 -1 7 7 -1 7 

time : 6500
7	7	7	7	
7	
do local Dark Migration for app7
Hot task:3
Hot task:4
Hot task:5
Hot task:6
migrate succcessfully

-1 -1 -1 -1 -1 -1 -1 -1 
-1 -1 -1 -1 -1 -1 -1 -1 
-1 -1 -1 -1 -1 -1 -1 -1 
-1 -1 -1 -1 -1 -1 -1 -1 
-1 -1 -1 -1 7 -1 -1 7 
-1 -1 -1 -1 -1 -1 -1 -1 
-1 -1 -1 -1 -1 7 7 7 
-1 -1 -1 -1 7 7 7 7 

time : 7000
7	7	
7	
do local Dark Migration for app7
Hot task:7
Hot task:8
migrate succcessfully

-1 -1 -1 -1 -1 -1 -1 -1 
-1 -1 -1 -1 -1 -1 -1 -1 
-1 -1 -1 -1 -1 -1 -1 -1 
-1 -1 -1 -1 -1 -1 -1 -1 
-1 -1 -1 -1 7 7 -1 7 
-1 -1 -1 -1 -1 -1 -1 7 
-1 -1 -1 -1 -1 -1 -1 7 
-1 -1 -1 -1 7 7 7 7 

APP 7 finished
 arrive at 3000 finished at 7404
 waiting time: 1103
 execution time: 3301
migratetimes: 4
migrate_distance: 31
total running time: 7405

-1 -1 -1 -1 -1 -1 -1 -1 
-1 -1 -1 -1 -1 -1 -1 -1 
-1 -1 -1 -1 -1 -1 -1 -1 
-1 -1 -1 -1 -1 -1 -1 -1 
-1 -1 -1 -1 -1 -1 -1 -1 
-1 -1 -1 -1 -1 -1 -1 -1 
-1 -1 -1 -1 -1 -1 -1 -1 
-1 -1 -1 -1 -1 -1 -1 -1 

