/home/chris/simulator/app/single/test1.txt
/home/chris/simulator/app/single/test2.txt
/home/chris/simulator/app/single/test3.txt
/home/chris/simulator/app/single/test4.txt
Output: /home/chris/simulator/Ptrace/mixture2.ptrace
start running
Chessmap: 6*3

1 -1 1 -1 1 -1 -1 -1 
-1 1 -1 1 -1 1 -1 -1 
1 -1 1 -1 1 -1 -1 -1 
-1 -1 -1 -1 -1 -1 -1 -1 
-1 -1 -1 -1 -1 -1 -1 -1 
-1 -1 -1 -1 -1 -1 -1 -1 
-1 -1 -1 -1 -1 -1 -1 -1 
-1 -1 -1 -1 -1 -1 -1 -1 

time : 500
1	1	1	
1	
do chessMigration for app1
migrate succcessfully

-1 1 -1 1 -1 1 -1 -1 
1 -1 1 -1 1 -1 -1 -1 
-1 1 -1 1 -1 1 -1 -1 
-1 -1 -1 -1 -1 -1 -1 -1 
-1 -1 -1 -1 -1 -1 -1 -1 
-1 -1 -1 -1 -1 -1 -1 -1 
-1 -1 -1 -1 -1 -1 -1 -1 
-1 -1 -1 -1 -1 -1 -1 -1 

Chessmap: 6*3

-1 1 -1 1 -1 1 -1 -1 
1 -1 1 -1 1 -1 -1 -1 
-1 1 -1 1 -1 1 -1 -1 
-1 -1 -1 -1 -1 -1 -1 -1 
2 -1 2 -1 2 -1 -1 -1 
-1 2 -1 2 -1 2 -1 -1 
2 -1 2 -1 2 -1 -1 -1 
-1 -1 -1 -1 -1 -1 -1 -1 

time : 1000
1	1	
1	
do chessMigration for app1
migrate succcessfully

1 -1 1 -1 1 -1 -1 -1 
-1 1 -1 1 -1 1 -1 -1 
1 -1 1 -1 1 -1 -1 -1 
-1 -1 -1 -1 -1 -1 -1 -1 
2 -1 2 -1 2 -1 -1 -1 
-1 2 -1 2 -1 2 -1 -1 
2 -1 2 -1 2 -1 -1 -1 
-1 -1 -1 -1 -1 -1 -1 -1 

time : 1500
1	2	2	2	
1	2	
do chessMigration for app1
migrate succcessfully
do chessMigration for app2
migrate succcessfully

-1 1 -1 1 -1 1 -1 -1 
1 -1 1 -1 1 -1 -1 -1 
-1 1 -1 1 -1 1 -1 -1 
-1 -1 -1 -1 -1 -1 -1 -1 
-1 2 -1 2 -1 2 -1 -1 
2 -1 2 -1 2 -1 -1 -1 
-1 2 -1 2 -1 2 -1 -1 
-1 -1 -1 -1 -1 -1 -1 -1 

time : 2000
1	1	2	2	
1	2	
do chessMigration for app1
migrate succcessfully
do chessMigration for app2
migrate succcessfully

1 -1 1 -1 1 -1 -1 -1 
-1 1 -1 1 -1 1 -1 -1 
1 -1 1 -1 1 -1 -1 -1 
-1 -1 -1 -1 -1 -1 -1 -1 
2 -1 2 -1 2 -1 -1 -1 
-1 2 -1 2 -1 2 -1 -1 
2 -1 2 -1 2 -1 -1 -1 
-1 -1 -1 -1 -1 -1 -1 -1 

time : 2500
1	1	1	2	
1	2	
do chessMigration for app1
migrate succcessfully
do chessMigration for app2
migrate succcessfully

-1 1 -1 1 -1 1 -1 -1 
1 -1 1 -1 1 -1 -1 -1 
-1 1 -1 1 -1 1 -1 -1 
-1 -1 -1 -1 -1 -1 -1 -1 
-1 2 -1 2 -1 2 -1 -1 
2 -1 2 -1 2 -1 -1 -1 
-1 2 -1 2 -1 2 -1 -1 
-1 -1 -1 -1 -1 -1 -1 -1 

time : 3000
2	2	
2	
do chessMigration for app2
migrate succcessfully

-1 1 -1 1 -1 1 -1 -1 
1 -1 1 -1 1 -1 -1 -1 
-1 1 -1 1 -1 1 -1 -1 
-1 -1 -1 -1 -1 -1 -1 -1 
2 -1 2 -1 2 -1 -1 -1 
-1 2 -1 2 -1 2 -1 -1 
2 -1 2 -1 2 -1 -1 -1 
-1 -1 -1 -1 -1 -1 -1 -1 

time : 3500
1	2	2	2	
1	2	
do chessMigration for app1
migrate succcessfully
do chessMigration for app2
migrate succcessfully

1 -1 1 -1 1 -1 -1 -1 
-1 1 -1 1 -1 1 -1 -1 
1 -1 1 -1 1 -1 -1 -1 
-1 -1 -1 -1 -1 -1 -1 -1 
-1 2 -1 2 -1 2 -1 -1 
2 -1 2 -1 2 -1 -1 -1 
-1 2 -1 2 -1 2 -1 -1 
-1 -1 -1 -1 -1 -1 -1 -1 

APP 1 finished
 arrive at 0 finished at 3669
 waiting time: 0
 execution time: 3669
migratetimes: 6
migrate_distance: 0
Chessmap: 6*3

3 -1 3 -1 3 -1 -1 -1 
-1 3 -1 3 -1 3 -1 -1 
3 -1 3 -1 3 -1 -1 -1 
-1 -1 -1 -1 -1 -1 -1 -1 
-1 2 -1 2 -1 2 -1 -1 
2 -1 2 -1 2 -1 -1 -1 
-1 2 -1 2 -1 2 -1 -1 
-1 -1 -1 -1 -1 -1 -1 -1 

time : 4000
3	3	3	
3	
do chessMigration for app3
migrate succcessfully

-1 3 -1 3 -1 3 -1 -1 
3 -1 3 -1 3 -1 -1 -1 
-1 3 -1 3 -1 3 -1 -1 
-1 -1 -1 -1 -1 -1 -1 -1 
-1 2 -1 2 -1 2 -1 -1 
2 -1 2 -1 2 -1 -1 -1 
-1 2 -1 2 -1 2 -1 -1 
-1 -1 -1 -1 -1 -1 -1 -1 

time : 4500
3	3	3	2	
2	3	
do chessMigration for app2
migrate succcessfully
do chessMigration for app3
migrate succcessfully

3 -1 3 -1 3 -1 -1 -1 
-1 3 -1 3 -1 3 -1 -1 
3 -1 3 -1 3 -1 -1 -1 
-1 -1 -1 -1 -1 -1 -1 -1 
2 -1 2 -1 2 -1 -1 -1 
-1 2 -1 2 -1 2 -1 -1 
2 -1 2 -1 2 -1 -1 -1 
-1 -1 -1 -1 -1 -1 -1 -1 

APP 2 finished
 arrive at 1000 finished at 4669
 waiting time: 0
 execution time: 3669
migratetimes: 6
migrate_distance: 0
Chessmap: 6*3

3 -1 3 -1 3 -1 -1 -1 
-1 3 -1 3 -1 3 -1 -1 
3 -1 3 -1 3 -1 -1 -1 
-1 -1 -1 -1 -1 -1 -1 -1 
4 -1 4 -1 4 -1 -1 -1 
-1 4 -1 4 -1 4 -1 -1 
4 -1 4 -1 4 -1 -1 -1 
-1 -1 -1 -1 -1 -1 -1 -1 

time : 5000
3	3	4	4	4	
3	4	
do chessMigration for app3
migrate succcessfully
do chessMigration for app4
migrate succcessfully

-1 3 -1 3 -1 3 -1 -1 
3 -1 3 -1 3 -1 -1 -1 
-1 3 -1 3 -1 3 -1 -1 
-1 -1 -1 -1 -1 -1 -1 -1 
-1 4 -1 4 -1 4 -1 -1 
4 -1 4 -1 4 -1 -1 -1 
-1 4 -1 4 -1 4 -1 -1 
-1 -1 -1 -1 -1 -1 -1 -1 

time : 5500
3	3	4	4	4	
3	4	
do chessMigration for app3
migrate succcessfully
do chessMigration for app4
migrate succcessfully

3 -1 3 -1 3 -1 -1 -1 
-1 3 -1 3 -1 3 -1 -1 
3 -1 3 -1 3 -1 -1 -1 
-1 -1 -1 -1 -1 -1 -1 -1 
4 -1 4 -1 4 -1 -1 -1 
-1 4 -1 4 -1 4 -1 -1 
4 -1 4 -1 4 -1 -1 -1 
-1 -1 -1 -1 -1 -1 -1 -1 

time : 6000
3	3	3	3	3	4	4	
3	4	
do chessMigration for app3
migrate succcessfully
do chessMigration for app4
migrate succcessfully

-1 3 -1 3 -1 3 -1 -1 
3 -1 3 -1 3 -1 -1 -1 
-1 3 -1 3 -1 3 -1 -1 
-1 -1 -1 -1 -1 -1 -1 -1 
-1 4 -1 4 -1 4 -1 -1 
4 -1 4 -1 4 -1 -1 -1 
-1 4 -1 4 -1 4 -1 -1 
-1 -1 -1 -1 -1 -1 -1 -1 

time : 6500
4	4	
4	
do chessMigration for app4
migrate succcessfully

-1 3 -1 3 -1 3 -1 -1 
3 -1 3 -1 3 -1 -1 -1 
-1 3 -1 3 -1 3 -1 -1 
-1 -1 -1 -1 -1 -1 -1 -1 
4 -1 4 -1 4 -1 -1 -1 
-1 4 -1 4 -1 4 -1 -1 
4 -1 4 -1 4 -1 -1 -1 
-1 -1 -1 -1 -1 -1 -1 -1 

time : 7000
4	4	4	4	4	
4	
do chessMigration for app4
migrate succcessfully

-1 3 -1 3 -1 3 -1 -1 
3 -1 3 -1 3 -1 -1 -1 
-1 3 -1 3 -1 3 -1 -1 
-1 -1 -1 -1 -1 -1 -1 -1 
-1 4 -1 4 -1 4 -1 -1 
4 -1 4 -1 4 -1 -1 -1 
-1 4 -1 4 -1 4 -1 -1 
-1 -1 -1 -1 -1 -1 -1 -1 

APP 3 finished
 arrive at 2000 finished at 7339
 waiting time: 1670
 execution time: 3669
migratetimes: 5
migrate_distance: 0
APP 4 finished
 arrive at 3000 finished at 8339
 waiting time: 1670
 execution time: 3669
migratetimes: 5
migrate_distance: 0
total running time: 8340

-1 -1 -1 -1 -1 -1 -1 -1 
-1 -1 -1 -1 -1 -1 -1 -1 
-1 -1 -1 -1 -1 -1 -1 -1 
-1 -1 -1 -1 -1 -1 -1 -1 
-1 -1 -1 -1 -1 -1 -1 -1 
-1 -1 -1 -1 -1 -1 -1 -1 
-1 -1 -1 -1 -1 -1 -1 -1 
-1 -1 -1 -1 -1 -1 -1 -1 

