/home/chris/simulator/app/single/test1.txt
/home/chris/simulator/app/single/test2.txt
/home/chris/simulator/app/single/test3.txt
/home/chris/simulator/app/single/test4.txt
Output: /home/chris/simulator/Ptrace/mixture3.ptrace
start running

1 1 1 1 1 1 1 1 
1 -1 -1 -1 -1 -1 -1 -1 
-1 -1 -1 -1 -1 -1 -1 -1 
-1 -1 -1 -1 -1 -1 -1 -1 
-1 -1 -1 -1 -1 -1 -1 -1 
-1 -1 -1 -1 -1 -1 -1 -1 
-1 -1 -1 -1 -1 -1 -1 -1 
-1 -1 -1 -1 -1 -1 -1 -1 

time : 500
1	1	1	
1	
do GlobalColdest Migration for app1
Hot task:4
Hot task:5
Hot task:7
migrate succcessfully

1 1 1 1 -1 -1 1 -1 
1 -1 -1 -1 -1 -1 -1 -1 
1 -1 -1 -1 -1 -1 -1 1 
1 -1 -1 -1 -1 -1 -1 -1 
-1 -1 -1 -1 -1 -1 -1 -1 
-1 -1 -1 -1 -1 -1 -1 -1 
-1 -1 -1 -1 -1 -1 -1 -1 
-1 -1 -1 -1 -1 -1 -1 -1 


1 1 1 1 2 2 1 2 
1 2 2 2 2 2 2 -1 
1 -1 -1 -1 -1 -1 -1 1 
1 -1 -1 -1 -1 -1 -1 -1 
-1 -1 -1 -1 -1 -1 -1 -1 
-1 -1 -1 -1 -1 -1 -1 -1 
-1 -1 -1 -1 -1 -1 -1 -1 
-1 -1 -1 -1 -1 -1 -1 -1 

time : 1000
1	1	
1	
do GlobalColdest Migration for app1
Hot task:5
Hot task:7
migrate succcessfully

1 1 1 1 2 2 1 2 
1 2 2 2 2 2 2 -1 
1 -1 -1 -1 -1 -1 -1 -1 
-1 -1 -1 -1 -1 -1 -1 -1 
-1 -1 -1 -1 -1 -1 -1 -1 
-1 -1 -1 -1 -1 -1 -1 -1 
-1 -1 -1 -1 -1 -1 -1 -1 
1 -1 -1 -1 -1 -1 -1 1 

time : 1500
2	2	2	1	
1	2	
do GlobalColdest Migration for app1
Hot task:7
migrate succcessfully
do GlobalColdest Migration for app2
Hot task:4
Hot task:5
Hot task:7
migrate succcessfully

1 1 1 1 2 2 1 2 
1 2 -1 -1 2 -1 2 -1 
1 -1 -1 -1 -1 -1 -1 -1 
-1 -1 -1 -1 -1 -1 -1 -1 
-1 -1 -1 -1 -1 -1 -1 2 
-1 -1 -1 -1 -1 -1 -1 1 
-1 -1 -1 -1 -1 -1 -1 -1 
1 -1 -1 2 2 -1 -1 -1 


1 1 1 1 2 2 1 2 
1 2 3 3 2 3 2 3 
1 3 3 3 3 3 -1 -1 
-1 -1 -1 -1 -1 -1 -1 -1 
-1 -1 -1 -1 -1 -1 -1 2 
-1 -1 -1 -1 -1 -1 -1 1 
-1 -1 -1 -1 -1 -1 -1 -1 
1 -1 -1 2 2 -1 -1 -1 

time : 2000
2	2	
2	
do GlobalColdest Migration for app2
Hot task:7
Hot task:5
migrate succcessfully

1 1 1 1 2 2 1 2 
1 2 3 3 2 3 2 3 
1 3 3 3 3 3 -1 -1 
-1 -1 -1 -1 -1 -1 -1 -1 
-1 -1 -1 2 -1 -1 -1 -1 
2 -1 -1 -1 -1 -1 -1 1 
-1 -1 -1 -1 -1 -1 -1 -1 
1 -1 -1 2 -1 -1 -1 -1 

time : 2500
1	1	1	3	3	3	2	
1	2	3	
do GlobalColdest Migration for app1
Hot task:0
Hot task:1
Hot task:2
migrate succcessfully
do GlobalColdest Migration for app2
Hot task:7
migrate succcessfully
do GlobalColdest Migration for app3
Hot task:4
Hot task:5
Hot task:7
migrate succcessfully

-1 -1 -1 1 2 2 1 2 
1 2 3 3 2 3 2 3 
1 -1 -1 3 -1 3 -1 -1 
-1 -1 -1 -1 -1 3 -1 -1 
-1 3 -1 2 -1 1 -1 -1 
-1 -1 2 -1 1 1 -1 1 
-1 -1 3 -1 -1 -1 -1 -1 
1 -1 -1 2 -1 -1 -1 -1 


4 4 4 1 2 2 1 2 
1 2 3 3 2 3 2 3 
1 4 4 3 4 3 4 4 
4 -1 -1 -1 -1 3 -1 -1 
-1 3 -1 2 -1 1 -1 -1 
-1 -1 2 -1 1 1 -1 1 
-1 -1 3 -1 -1 -1 -1 -1 
1 -1 -1 2 -1 -1 -1 -1 

time : 3000
1	2	1	3	1	3	
1	2	3	
do GlobalColdest Migration for app1
Hot task:3
Hot task:6
Hot task:2
migrate succcessfully
do GlobalColdest Migration for app2
Hot task:1
migrate succcessfully
do GlobalColdest Migration for app3
Hot task:5
Hot task:7
migrate succcessfully

4 4 4 -1 2 -1 -1 2 
1 2 3 3 2 3 2 3 
1 4 4 3 4 3 4 4 
4 -1 -1 -1 -1 3 -1 3 
-1 -1 -1 2 -1 1 -1 -1 
-1 -1 2 -1 -1 1 -1 1 
-1 -1 -1 -1 -1 -1 1 1 
1 3 -1 2 -1 -1 1 2 

time : 3500
2	2	2	2	4	4	4	3	2	
2	3	4	
do GlobalColdest Migration for app2
Hot task:0
Hot task:2
Hot task:3
Hot task:6
Hot task:1
migrate succcessfully
do GlobalColdest Migration for app3
Hot task:7
migrate succcessfully
do GlobalColdest Migration for app4
Hot task:4
Hot task:5
Hot task:7
migrate succcessfully

4 4 4 -1 -1 -1 -1 -1 
1 -1 3 3 -1 3 2 3 
1 4 -1 3 -1 3 4 -1 
4 -1 -1 4 -1 3 -1 3 
-1 -1 -1 2 -1 1 2 2 
4 -1 2 -1 -1 1 4 1 
2 -1 -1 -1 3 -1 1 1 
1 -1 -1 2 2 2 1 -1 

time : 4000
3	3	3	2	4	4	
2	3	4	
do GlobalColdest Migration for app2
Hot task:6
migrate succcessfully
do GlobalColdest Migration for app3
Hot task:1
Hot task:2
Hot task:3
migrate succcessfully
do GlobalColdest Migration for app4
Hot task:7
Hot task:5
migrate succcessfully

4 4 4 -1 -1 -1 -1 -1 
1 -1 3 -1 -1 -1 2 -1 
1 4 -1 3 -1 3 4 -1 
4 3 -1 4 -1 3 -1 3 
4 4 3 2 2 1 -1 2 
-1 -1 2 3 -1 1 -1 1 
2 -1 -1 -1 3 -1 1 1 
1 -1 -1 2 2 2 1 -1 

time : 4500
1	3	3	3	4	3	3	
1	3	4	
do GlobalColdest Migration for app1
Hot task:8
migrate succcessfully
do GlobalColdest Migration for app3
Hot task:0
Hot task:6
Hot task:1
Hot task:2
Hot task:3
migrate succcessfully
do GlobalColdest Migration for app4
Hot task:7
migrate succcessfully

4 4 4 -1 -1 -1 -1 -1 
-1 -1 -1 -1 -1 -1 2 -1 
1 4 -1 -1 -1 3 4 -1 
4 -1 -1 4 4 3 -1 3 
4 -1 -1 2 2 1 -1 2 
-1 -1 2 -1 -1 1 -1 1 
2 -1 3 3 3 3 1 1 
1 3 1 2 2 2 1 3 

APP 1 finished
 arrive at 0 finished at 4660
 waiting time: 0
 execution time: 4660
migratetimes: 6
migrate_distance: 98
time : 5000
4	4	2	4	
2	4	
do GlobalColdest Migration for app2
Hot task:8
migrate succcessfully
do GlobalColdest Migration for app4
Hot task:0
Hot task:1
Hot task:3
migrate succcessfully

-1 -1 4 -1 -1 -1 -1 -1 
-1 -1 -1 -1 -1 -1 -1 -1 
-1 -1 -1 -1 -1 3 4 -1 
4 -1 -1 4 4 3 -1 3 
4 -1 -1 2 2 4 -1 2 
-1 -1 2 -1 -1 -1 -1 4 
2 -1 3 3 3 3 -1 4 
-1 3 -1 2 2 2 2 3 

APP 2 finished
 arrive at 1000 finished at 5159
 waiting time: 0
 execution time: 4159
migratetimes: 7
migrate_distance: 82
APP 3 finished
 arrive at 2000 finished at 5313
 waiting time: 0
 execution time: 3313
migratetimes: 5
migrate_distance: 73
time : 5500
4	4	4	4	
4	
do GlobalColdest Migration for app4
Hot task:2
Hot task:6
Hot task:3
Hot task:1
migrate succcessfully

-1 -1 -1 -1 -1 -1 -1 4 
-1 -1 -1 -1 -1 -1 -1 -1 
-1 -1 -1 -1 -1 -1 -1 -1 
4 -1 -1 4 4 -1 -1 4 
4 -1 -1 -1 -1 -1 -1 -1 
-1 -1 -1 -1 -1 -1 -1 -1 
-1 -1 -1 -1 -1 -1 -1 4 
-1 -1 -1 4 4 -1 -1 -1 

APP 4 finished
 arrive at 3000 finished at 6883
 waiting time: 0
 execution time: 3883
migratetimes: 5
migrate_distance: 83
total running time: 6884

-1 -1 -1 -1 -1 -1 -1 -1 
-1 -1 -1 -1 -1 -1 -1 -1 
-1 -1 -1 -1 -1 -1 -1 -1 
-1 -1 -1 -1 -1 -1 -1 -1 
-1 -1 -1 -1 -1 -1 -1 -1 
-1 -1 -1 -1 -1 -1 -1 -1 
-1 -1 -1 -1 -1 -1 -1 -1 
-1 -1 -1 -1 -1 -1 -1 -1 

