/home/chris/simulator/app/single/test1.txt
/home/chris/simulator/app/single/test2.txt
/home/chris/simulator/app/single/test3.txt
/home/chris/simulator/app/single/test4.txt
Output: /home/chris/simulator/Ptrace/mixture4.ptrace
start running
time : 2000
1	1	2	2	
1	2	
do local Dark Migration for app1
Hot task:1
Hot task:2
migrate succcessfully
do local Dark Migration for app2
Hot task:5
Hot task:7
migrate succcessfully

1 -1 -1 -1 2 2 2 -1 
1 1 -1 1 2 -1 -1 -1 
1 -1 1 1 2 -1 2 -1 
1 -1 -1 1 2 2 -1 2 
-1 -1 -1 -1 3 3 3 -1 
-1 -1 -1 -1 3 3 3 -1 
-1 -1 -1 -1 3 3 3 -1 
-1 -1 -1 -1 -1 -1 -1 -1 

time : 2500
1	1	1	1	2	3	3	3	
1	2	3	
do local Dark Migration for app1
Hot task:0
Hot task:3
Hot task:6
Hot task:2
migrate succcessfully
do local Dark Migration for app2
Hot task:7
migrate succcessfully
do local Dark Migration for app3
Hot task:4
Hot task:5
Hot task:7
migrate succcessfully

-1 -1 -1 1 2 2 2 -1 
-1 1 1 1 2 2 -1 -1 
-1 -1 1 1 2 -1 2 -1 
-1 1 1 1 -1 2 -1 2 
-1 -1 -1 -1 3 3 3 -1 
-1 -1 -1 -1 3 -1 -1 -1 
-1 -1 -1 -1 3 -1 3 -1 
-1 -1 -1 -1 3 -1 3 3 

time : 3000
2	2	2	2	2	3	3	
2	3	
do local Dark Migration for app2
Hot task:0
Hot task:1
Hot task:2
Hot task:3
Hot task:6
migrate succcessfully
do local Dark Migration for app3
Hot task:7
Hot task:5
migrate succcessfully

-1 -1 -1 1 -1 -1 -1 2 
-1 1 1 1 -1 2 2 2 
-1 -1 1 1 -1 -1 2 2 
-1 1 1 1 -1 2 2 2 
-1 -1 -1 -1 3 3 3 3 
-1 -1 -1 -1 3 -1 -1 -1 
-1 -1 -1 -1 3 -1 3 3 
-1 -1 -1 -1 -1 -1 -1 3 

APP 1 finished
 arrive at 0 finished at 3436
 waiting time: 0
 execution time: 3436
migratetimes: 5
migrate_distance: 38
withbubblemap: 4*4

4 4 4 -1 -1 -1 -1 2 
4 4 4 -1 -1 2 2 2 
4 4 4 -1 -1 -1 2 2 
-1 -1 -1 -1 -1 2 2 2 
-1 -1 -1 -1 3 3 3 3 
-1 -1 -1 -1 3 -1 -1 -1 
-1 -1 -1 -1 3 -1 3 3 
-1 -1 -1 -1 -1 -1 -1 3 

time : 3500
2	2	2	3	
2	3	
do local Dark Migration for app2
Hot task:6
Hot task:3
Hot task:2
migrate succcessfully
do local Dark Migration for app3
Hot task:7
migrate succcessfully

4 4 4 -1 -1 -1 -1 -1 
4 4 4 -1 -1 2 2 2 
4 4 4 -1 2 2 2 -1 
-1 -1 -1 -1 2 2 -1 2 
-1 -1 -1 -1 3 3 3 -1 
-1 -1 -1 -1 3 3 -1 -1 
-1 -1 -1 -1 3 -1 3 3 
-1 -1 -1 -1 -1 -1 -1 3 

time : 4000
4	4	4	2	3	3	
2	3	4	
do local Dark Migration for app2
Hot task:8
migrate succcessfully
do local Dark Migration for app3
Hot task:1
Hot task:2
migrate succcessfully
do local Dark Migration for app4
Hot task:4
Hot task:5
Hot task:7
migrate succcessfully

4 4 4 -1 2 -1 -1 -1 
4 -1 -1 -1 -1 2 2 2 
4 -1 4 -1 2 2 -1 -1 
4 -1 4 4 2 2 -1 2 
-1 -1 -1 -1 3 -1 -1 -1 
-1 -1 -1 -1 3 3 -1 -1 
-1 -1 -1 -1 3 -1 3 3 
-1 -1 -1 -1 3 3 -1 3 

APP 2 finished
 arrive at 1000 finished at 4180
 waiting time: 0
 execution time: 3180
migratetimes: 6
migrate_distance: 53
time : 4500
4	4	3	3	3	3	
3	4	
do local Dark Migration for app3
Hot task:0
Hot task:3
Hot task:6
Hot task:2
migrate succcessfully
do local Dark Migration for app4
Hot task:7
Hot task:5
migrate succcessfully

4 4 4 4 -1 -1 -1 -1 
4 -1 -1 4 -1 -1 -1 -1 
4 -1 4 -1 -1 -1 -1 -1 
4 -1 -1 -1 -1 -1 -1 -1 
-1 -1 -1 -1 -1 -1 -1 3 
-1 -1 -1 -1 -1 3 3 3 
-1 -1 -1 -1 -1 -1 3 3 
-1 -1 -1 -1 3 -1 3 3 

time : 5000
3	
3	
do local Dark Migration for app3
Hot task:8
migrate succcessfully

4 4 4 4 -1 -1 -1 -1 
4 -1 -1 4 -1 -1 -1 -1 
4 -1 4 -1 -1 -1 -1 -1 
4 -1 -1 -1 -1 -1 -1 -1 
-1 -1 -1 -1 -1 -1 3 3 
-1 -1 -1 -1 -1 3 3 3 
-1 -1 -1 -1 -1 -1 -1 3 
-1 -1 -1 -1 3 -1 3 3 

APP 3 finished
 arrive at 2000 finished at 5279
 waiting time: 0
 execution time: 3279
migratetimes: 6
migrate_distance: 41
time : 5500
4	4	4	4	
4	
do local Dark Migration for app4
Hot task:0
Hot task:1
Hot task:2
Hot task:3
migrate succcessfully

-1 -1 -1 4 -1 -1 -1 -1 
-1 -1 -1 4 -1 -1 -1 -1 
4 -1 4 4 -1 -1 -1 -1 
4 4 4 4 -1 -1 -1 -1 
-1 -1 -1 -1 -1 -1 -1 -1 
-1 -1 -1 -1 -1 -1 -1 -1 
-1 -1 -1 -1 -1 -1 -1 -1 
-1 -1 -1 -1 -1 -1 -1 -1 

time : 6000
4	4	
4	
do local Dark Migration for app4
Hot task:6
Hot task:3
migrate succcessfully

-1 -1 -1 4 -1 -1 -1 -1 
-1 4 4 4 -1 -1 -1 -1 
-1 -1 4 -1 -1 -1 -1 -1 
4 4 4 4 -1 -1 -1 -1 
-1 -1 -1 -1 -1 -1 -1 -1 
-1 -1 -1 -1 -1 -1 -1 -1 
-1 -1 -1 -1 -1 -1 -1 -1 
-1 -1 -1 -1 -1 -1 -1 -1 

time : 6500
4	
4	
do local Dark Migration for app4
Hot task:8
migrate succcessfully

4 -1 -1 4 -1 -1 -1 -1 
-1 4 4 4 -1 -1 -1 -1 
-1 -1 -1 -1 -1 -1 -1 -1 
4 4 4 4 -1 -1 -1 -1 
-1 -1 -1 -1 -1 -1 -1 -1 
-1 -1 -1 -1 -1 -1 -1 -1 
-1 -1 -1 -1 -1 -1 -1 -1 
-1 -1 -1 -1 -1 -1 -1 -1 

APP 4 finished
 arrive at 3000 finished at 6695
 waiting time: 437
 execution time: 3258
migratetimes: 5
migrate_distance: 40
total running time: 6696

-1 -1 -1 -1 -1 -1 -1 -1 
-1 -1 -1 -1 -1 -1 -1 -1 
-1 -1 -1 -1 -1 -1 -1 -1 
-1 -1 -1 -1 -1 -1 -1 -1 
-1 -1 -1 -1 -1 -1 -1 -1 
-1 -1 -1 -1 -1 -1 -1 -1 
-1 -1 -1 -1 -1 -1 -1 -1 
-1 -1 -1 -1 -1 -1 -1 -1 

