/home/chris/simulator/app/ccr/t06.txt
Output: /home/chris/simulator/Ptrace/mixture1.ptrace
start running
squaremap: 3*3

0 1 2 -1 -1 -1 -1 -1 
3 4 5 -1 -1 -1 -1 -1 
6 7 8 -1 -1 -1 -1 -1 
-1 -1 -1 -1 -1 -1 -1 -1 
-1 -1 -1 -1 -1 -1 -1 -1 
-1 -1 -1 -1 -1 -1 -1 -1 
-1 -1 -1 -1 -1 -1 -1 -1 
-1 -1 -1 -1 -1 -1 -1 -1 

time : 500
1	
1	
do Square Migration for app1
migrate succcessfully

-1 -1 -1 -1 -1 -1 -1 -1 
-1 -1 -1 -1 -1 -1 -1 -1 
-1 -1 -1 -1 -1 -1 -1 -1 
0 1 2 -1 -1 -1 -1 -1 
3 4 5 -1 -1 -1 -1 -1 
6 7 8 -1 -1 -1 -1 -1 
-1 -1 -1 -1 -1 -1 -1 -1 
-1 -1 -1 -1 -1 -1 -1 -1 

time : 1500
1	
1	
do Square Migration for app1
migrate succcessfully

0 1 2 -1 -1 -1 -1 -1 
3 4 5 -1 -1 -1 -1 -1 
6 7 8 -1 -1 -1 -1 -1 
-1 -1 -1 -1 -1 -1 -1 -1 
-1 -1 -1 -1 -1 -1 -1 -1 
-1 -1 -1 -1 -1 -1 -1 -1 
-1 -1 -1 -1 -1 -1 -1 -1 
-1 -1 -1 -1 -1 -1 -1 -1 

time : 2500
1	
1	
do Square Migration for app1
migrate succcessfully

-1 -1 -1 -1 -1 -1 -1 -1 
-1 -1 -1 -1 -1 -1 -1 -1 
-1 -1 -1 -1 -1 -1 -1 -1 
0 1 2 -1 -1 -1 -1 -1 
3 4 5 -1 -1 -1 -1 -1 
6 7 8 -1 -1 -1 -1 -1 
-1 -1 -1 -1 -1 -1 -1 -1 
-1 -1 -1 -1 -1 -1 -1 -1 

time : 4000
1	
1	
do Square Migration for app1
migrate succcessfully

0 1 2 -1 -1 -1 -1 -1 
3 4 5 -1 -1 -1 -1 -1 
6 7 8 -1 -1 -1 -1 -1 
-1 -1 -1 -1 -1 -1 -1 -1 
-1 -1 -1 -1 -1 -1 -1 -1 
-1 -1 -1 -1 -1 -1 -1 -1 
-1 -1 -1 -1 -1 -1 -1 -1 
-1 -1 -1 -1 -1 -1 -1 -1 

time : 5000
1	
1	
do Square Migration for app1
migrate succcessfully

-1 -1 -1 -1 -1 -1 -1 -1 
-1 -1 -1 -1 -1 -1 -1 -1 
-1 -1 -1 -1 -1 -1 -1 -1 
0 1 2 -1 -1 -1 -1 -1 
3 4 5 -1 -1 -1 -1 -1 
6 7 8 -1 -1 -1 -1 -1 
-1 -1 -1 -1 -1 -1 -1 -1 
-1 -1 -1 -1 -1 -1 -1 -1 

time : 6000
1	
1	
do Square Migration for app1
migrate succcessfully

0 1 2 -1 -1 -1 -1 -1 
3 4 5 -1 -1 -1 -1 -1 
6 7 8 -1 -1 -1 -1 -1 
-1 -1 -1 -1 -1 -1 -1 -1 
-1 -1 -1 -1 -1 -1 -1 -1 
-1 -1 -1 -1 -1 -1 -1 -1 
-1 -1 -1 -1 -1 -1 -1 -1 
-1 -1 -1 -1 -1 -1 -1 -1 

APP 1 finished
 arrive at 0 finished at 6203
 waiting time: 0
 execution time: 6203
migratetimes: 6
migrate_distance: 0
total running time: 6204

-1 -1 -1 -1 -1 -1 -1 -1 
-1 -1 -1 -1 -1 -1 -1 -1 
-1 -1 -1 -1 -1 -1 -1 -1 
-1 -1 -1 -1 -1 -1 -1 -1 
-1 -1 -1 -1 -1 -1 -1 -1 
-1 -1 -1 -1 -1 -1 -1 -1 
-1 -1 -1 -1 -1 -1 -1 -1 
-1 -1 -1 -1 -1 -1 -1 -1 

