/home/chris/simulator/app/single/level8.txt
Output: /home/chris/simulator/Ptrace/mixture2.ptrace
start running
Chessmap: 6*3

0 -1 1 -1 2 -1 -1 -1 
-1 3 -1 4 -1 5 -1 -1 
6 -1 7 -1 8 -1 -1 -1 
-1 -1 -1 -1 -1 -1 -1 -1 
-1 -1 -1 -1 -1 -1 -1 -1 
-1 -1 -1 -1 -1 -1 -1 -1 
-1 -1 -1 -1 -1 -1 -1 -1 
-1 -1 -1 -1 -1 -1 -1 -1 

time : 500
1	
1	
do chessMigration for app1
migrate succcessfully

-1 0 -1 1 -1 2 -1 -1 
3 -1 4 -1 5 -1 -1 -1 
-1 6 -1 7 -1 8 -1 -1 
-1 -1 -1 -1 -1 -1 -1 -1 
-1 -1 -1 -1 -1 -1 -1 -1 
-1 -1 -1 -1 -1 -1 -1 -1 
-1 -1 -1 -1 -1 -1 -1 -1 
-1 -1 -1 -1 -1 -1 -1 -1 

time : 2000
1	
1	
do chessMigration for app1
migrate succcessfully

0 -1 1 -1 2 -1 -1 -1 
-1 3 -1 4 -1 5 -1 -1 
6 -1 7 -1 8 -1 -1 -1 
-1 -1 -1 -1 -1 -1 -1 -1 
-1 -1 -1 -1 -1 -1 -1 -1 
-1 -1 -1 -1 -1 -1 -1 -1 
-1 -1 -1 -1 -1 -1 -1 -1 
-1 -1 -1 -1 -1 -1 -1 -1 

time : 4000
1	
1	
do chessMigration for app1
migrate succcessfully

-1 0 -1 1 -1 2 -1 -1 
3 -1 4 -1 5 -1 -1 -1 
-1 6 -1 7 -1 8 -1 -1 
-1 -1 -1 -1 -1 -1 -1 -1 
-1 -1 -1 -1 -1 -1 -1 -1 
-1 -1 -1 -1 -1 -1 -1 -1 
-1 -1 -1 -1 -1 -1 -1 -1 
-1 -1 -1 -1 -1 -1 -1 -1 

time : 5000
1	
1	
do chessMigration for app1
migrate succcessfully

0 -1 1 -1 2 -1 -1 -1 
-1 3 -1 4 -1 5 -1 -1 
6 -1 7 -1 8 -1 -1 -1 
-1 -1 -1 -1 -1 -1 -1 -1 
-1 -1 -1 -1 -1 -1 -1 -1 
-1 -1 -1 -1 -1 -1 -1 -1 
-1 -1 -1 -1 -1 -1 -1 -1 
-1 -1 -1 -1 -1 -1 -1 -1 

time : 6000
1	
1	
do chessMigration for app1
migrate succcessfully

-1 0 -1 1 -1 2 -1 -1 
3 -1 4 -1 5 -1 -1 -1 
-1 6 -1 7 -1 8 -1 -1 
-1 -1 -1 -1 -1 -1 -1 -1 
-1 -1 -1 -1 -1 -1 -1 -1 
-1 -1 -1 -1 -1 -1 -1 -1 
-1 -1 -1 -1 -1 -1 -1 -1 
-1 -1 -1 -1 -1 -1 -1 -1 

time : 6500
1	
1	
do chessMigration for app1
migrate succcessfully

0 -1 1 -1 2 -1 -1 -1 
-1 3 -1 4 -1 5 -1 -1 
6 -1 7 -1 8 -1 -1 -1 
-1 -1 -1 -1 -1 -1 -1 -1 
-1 -1 -1 -1 -1 -1 -1 -1 
-1 -1 -1 -1 -1 -1 -1 -1 
-1 -1 -1 -1 -1 -1 -1 -1 
-1 -1 -1 -1 -1 -1 -1 -1 

time : 7500
1	
1	
do chessMigration for app1
migrate succcessfully

-1 0 -1 1 -1 2 -1 -1 
3 -1 4 -1 5 -1 -1 -1 
-1 6 -1 7 -1 8 -1 -1 
-1 -1 -1 -1 -1 -1 -1 -1 
-1 -1 -1 -1 -1 -1 -1 -1 
-1 -1 -1 -1 -1 -1 -1 -1 
-1 -1 -1 -1 -1 -1 -1 -1 
-1 -1 -1 -1 -1 -1 -1 -1 

APP 1 finished
 arrive at 0 finished at 7609
 waiting time: 0
 execution time: 7609
migratetimes: 7
migrate_distance: 0
total running time: 7610

-1 -1 -1 -1 -1 -1 -1 -1 
-1 -1 -1 -1 -1 -1 -1 -1 
-1 -1 -1 -1 -1 -1 -1 -1 
-1 -1 -1 -1 -1 -1 -1 -1 
-1 -1 -1 -1 -1 -1 -1 -1 
-1 -1 -1 -1 -1 -1 -1 -1 
-1 -1 -1 -1 -1 -1 -1 -1 
-1 -1 -1 -1 -1 -1 -1 -1 

