/home/chris/simulator/app/arrivalrate/a1000/t1.txt
/home/chris/simulator/app/arrivalrate/a1000/t2.txt
/home/chris/simulator/app/arrivalrate/a1000/t3.txt
/home/chris/simulator/app/arrivalrate/a1000/t4.txt
/home/chris/simulator/app/arrivalrate/a1000/t5.txt
/home/chris/simulator/app/arrivalrate/a1000/t6.txt
/home/chris/simulator/app/arrivalrate/a1000/t7.txt
Output: /home/chris/simulator/Ptrace/mixture2.ptrace
start running
Chessmap: 6*3
time : 0

1 -1 1 -1 1 -1 -1 -1 
-1 1 -1 1 -1 1 -1 -1 
1 -1 1 -1 1 -1 -1 -1 
-1 -1 -1 -1 -1 -1 -1 -1 
-1 -1 -1 -1 -1 -1 -1 -1 
-1 -1 -1 -1 -1 -1 -1 -1 
-1 -1 -1 -1 -1 -1 -1 -1 
-1 -1 -1 -1 -1 -1 -1 -1 

time : 500
1	
1	
do chessMigration for app1
migrate succcessfully

-1 1 -1 1 -1 1 -1 -1 
1 -1 1 -1 1 -1 -1 -1 
-1 1 -1 1 -1 1 -1 -1 
-1 -1 -1 -1 -1 -1 -1 -1 
-1 -1 -1 -1 -1 -1 -1 -1 
-1 -1 -1 -1 -1 -1 -1 -1 
-1 -1 -1 -1 -1 -1 -1 -1 
-1 -1 -1 -1 -1 -1 -1 -1 

Chessmap: 6*3
time : 1000

-1 1 -1 1 -1 1 -1 -1 
1 -1 1 -1 1 -1 -1 -1 
-1 1 -1 1 -1 1 -1 -1 
-1 -1 -1 -1 -1 -1 -1 -1 
2 -1 2 -1 2 -1 -1 -1 
-1 2 -1 2 -1 2 -1 -1 
2 -1 2 -1 2 -1 -1 -1 
-1 -1 -1 -1 -1 -1 -1 -1 

time : 1500
1	1	1	1	2	
1	2	
do chessMigration for app1
migrate succcessfully
do chessMigration for app2
migrate succcessfully

1 -1 1 -1 1 -1 -1 -1 
-1 1 -1 1 -1 1 -1 -1 
1 -1 1 -1 1 -1 -1 -1 
-1 -1 -1 -1 -1 -1 -1 -1 
-1 2 -1 2 -1 2 -1 -1 
2 -1 2 -1 2 -1 -1 -1 
-1 2 -1 2 -1 2 -1 -1 
-1 -1 -1 -1 -1 -1 -1 -1 

APP 1 finished
 arrive at 0 finished at 1801
 waiting time: 0
 execution time: 1801
migratetimes: 2
migrate_distance: 0
Chessmap: 6*3
time : 2000

3 -1 3 -1 3 -1 -1 -1 
-1 3 -1 3 -1 3 -1 -1 
3 -1 3 -1 3 -1 -1 -1 
-1 -1 -1 -1 -1 -1 -1 -1 
-1 2 -1 2 -1 2 -1 -1 
2 -1 2 -1 2 -1 -1 -1 
-1 2 -1 2 -1 2 -1 -1 
-1 -1 -1 -1 -1 -1 -1 -1 

time : 2500
3	2	
2	3	
do chessMigration for app2
migrate succcessfully
do chessMigration for app3
migrate succcessfully

-1 3 -1 3 -1 3 -1 -1 
3 -1 3 -1 3 -1 -1 -1 
-1 3 -1 3 -1 3 -1 -1 
-1 -1 -1 -1 -1 -1 -1 -1 
2 -1 2 -1 2 -1 -1 -1 
-1 2 -1 2 -1 2 -1 -1 
2 -1 2 -1 2 -1 -1 -1 
-1 -1 -1 -1 -1 -1 -1 -1 

time : 3000
2	2	
2	
do chessMigration for app2
migrate succcessfully

-1 3 -1 3 -1 3 -1 -1 
3 -1 3 -1 3 -1 -1 -1 
-1 3 -1 3 -1 3 -1 -1 
-1 -1 -1 -1 -1 -1 -1 -1 
-1 2 -1 2 -1 2 -1 -1 
2 -1 2 -1 2 -1 -1 -1 
-1 2 -1 2 -1 2 -1 -1 
-1 -1 -1 -1 -1 -1 -1 -1 

time : 3500
3	2	2	
2	3	
do chessMigration for app2
migrate succcessfully
do chessMigration for app3
migrate succcessfully

3 -1 3 -1 3 -1 -1 -1 
-1 3 -1 3 -1 3 -1 -1 
3 -1 3 -1 3 -1 -1 -1 
-1 -1 -1 -1 -1 -1 -1 -1 
2 -1 2 -1 2 -1 -1 -1 
-1 2 -1 2 -1 2 -1 -1 
2 -1 2 -1 2 -1 -1 -1 
-1 -1 -1 -1 -1 -1 -1 -1 

APP 2 finished
 arrive at 1000 finished at 3801
 waiting time: 0
 execution time: 2801
migratetimes: 4
migrate_distance: 0
Chessmap: 6*3
time : 3802

3 -1 3 -1 3 -1 -1 -1 
-1 3 -1 3 -1 3 -1 -1 
3 -1 3 -1 3 -1 -1 -1 
-1 -1 -1 -1 -1 -1 -1 -1 
4 -1 4 -1 4 -1 -1 -1 
-1 4 -1 4 -1 4 -1 -1 
4 -1 4 -1 4 -1 -1 -1 
-1 -1 -1 -1 -1 -1 -1 -1 

time : 4000
3	3	
3	
do chessMigration for app3
migrate succcessfully

-1 3 -1 3 -1 3 -1 -1 
3 -1 3 -1 3 -1 -1 -1 
-1 3 -1 3 -1 3 -1 -1 
-1 -1 -1 -1 -1 -1 -1 -1 
4 -1 4 -1 4 -1 -1 -1 
-1 4 -1 4 -1 4 -1 -1 
4 -1 4 -1 4 -1 -1 -1 
-1 -1 -1 -1 -1 -1 -1 -1 

time : 4500
3	
3	
do chessMigration for app3
migrate succcessfully

3 -1 3 -1 3 -1 -1 -1 
-1 3 -1 3 -1 3 -1 -1 
3 -1 3 -1 3 -1 -1 -1 
-1 -1 -1 -1 -1 -1 -1 -1 
4 -1 4 -1 4 -1 -1 -1 
-1 4 -1 4 -1 4 -1 -1 
4 -1 4 -1 4 -1 -1 -1 
-1 -1 -1 -1 -1 -1 -1 -1 

time : 5000
3	3	4	4	
3	4	
do chessMigration for app3
migrate succcessfully
do chessMigration for app4
migrate succcessfully

-1 3 -1 3 -1 3 -1 -1 
3 -1 3 -1 3 -1 -1 -1 
-1 3 -1 3 -1 3 -1 -1 
-1 -1 -1 -1 -1 -1 -1 -1 
-1 4 -1 4 -1 4 -1 -1 
4 -1 4 -1 4 -1 -1 -1 
-1 4 -1 4 -1 4 -1 -1 
-1 -1 -1 -1 -1 -1 -1 -1 

APP 3 finished
 arrive at 2000 finished at 5335
 waiting time: 0
 execution time: 3335
migratetimes: 5
migrate_distance: 0
Chessmap: 6*3
time : 5336

5 -1 5 -1 5 -1 -1 -1 
-1 5 -1 5 -1 5 -1 -1 
5 -1 5 -1 5 -1 -1 -1 
-1 -1 -1 -1 -1 -1 -1 -1 
-1 4 -1 4 -1 4 -1 -1 
4 -1 4 -1 4 -1 -1 -1 
-1 4 -1 4 -1 4 -1 -1 
-1 -1 -1 -1 -1 -1 -1 -1 

time : 6000
5	4	4	
4	5	
do chessMigration for app4
migrate succcessfully
do chessMigration for app5
migrate succcessfully

-1 5 -1 5 -1 5 -1 -1 
5 -1 5 -1 5 -1 -1 -1 
-1 5 -1 5 -1 5 -1 -1 
-1 -1 -1 -1 -1 -1 -1 -1 
4 -1 4 -1 4 -1 -1 -1 
-1 4 -1 4 -1 4 -1 -1 
4 -1 4 -1 4 -1 -1 -1 
-1 -1 -1 -1 -1 -1 -1 -1 

time : 6500
5	4	
4	5	
do chessMigration for app4
migrate succcessfully
do chessMigration for app5
migrate succcessfully

5 -1 5 -1 5 -1 -1 -1 
-1 5 -1 5 -1 5 -1 -1 
5 -1 5 -1 5 -1 -1 -1 
-1 -1 -1 -1 -1 -1 -1 -1 
-1 4 -1 4 -1 4 -1 -1 
4 -1 4 -1 4 -1 -1 -1 
-1 4 -1 4 -1 4 -1 -1 
-1 -1 -1 -1 -1 -1 -1 -1 

APP 4 finished
 arrive at 3000 finished at 6603
 waiting time: 802
 execution time: 2801
migratetimes: 3
migrate_distance: 0
Chessmap: 6*3
time : 6604

5 -1 5 -1 5 -1 -1 -1 
-1 5 -1 5 -1 5 -1 -1 
5 -1 5 -1 5 -1 -1 -1 
-1 -1 -1 -1 -1 -1 -1 -1 
6 -1 6 -1 6 -1 -1 -1 
-1 6 -1 6 -1 6 -1 -1 
6 -1 6 -1 6 -1 -1 -1 
-1 -1 -1 -1 -1 -1 -1 -1 

time : 7000
6	
6	
do chessMigration for app6
migrate succcessfully

5 -1 5 -1 5 -1 -1 -1 
-1 5 -1 5 -1 5 -1 -1 
5 -1 5 -1 5 -1 -1 -1 
-1 -1 -1 -1 -1 -1 -1 -1 
-1 6 -1 6 -1 6 -1 -1 
6 -1 6 -1 6 -1 -1 -1 
-1 6 -1 6 -1 6 -1 -1 
-1 -1 -1 -1 -1 -1 -1 -1 

time : 7500
5	5	5	
5	
do chessMigration for app5
migrate succcessfully

-1 5 -1 5 -1 5 -1 -1 
5 -1 5 -1 5 -1 -1 -1 
-1 5 -1 5 -1 5 -1 -1 
-1 -1 -1 -1 -1 -1 -1 -1 
-1 6 -1 6 -1 6 -1 -1 
6 -1 6 -1 6 -1 -1 -1 
-1 6 -1 6 -1 6 -1 -1 
-1 -1 -1 -1 -1 -1 -1 -1 

time : 8000
5	6	6	6	6	6	6	6	
5	6	
do chessMigration for app5
migrate succcessfully
do chessMigration for app6
migrate succcessfully

5 -1 5 -1 5 -1 -1 -1 
-1 5 -1 5 -1 5 -1 -1 
5 -1 5 -1 5 -1 -1 -1 
-1 -1 -1 -1 -1 -1 -1 -1 
6 -1 6 -1 6 -1 -1 -1 
-1 6 -1 6 -1 6 -1 -1 
6 -1 6 -1 6 -1 -1 -1 
-1 -1 -1 -1 -1 -1 -1 -1 

APP 6 finished
 arrive at 5000 finished at 8405
 waiting time: 1604
 execution time: 1801
migratetimes: 2
migrate_distance: 0
Chessmap: 6*3
time : 8406

5 -1 5 -1 5 -1 -1 -1 
-1 5 -1 5 -1 5 -1 -1 
5 -1 5 -1 5 -1 -1 -1 
-1 -1 -1 -1 -1 -1 -1 -1 
7 -1 7 -1 7 -1 -1 -1 
-1 7 -1 7 -1 7 -1 -1 
7 -1 7 -1 7 -1 -1 -1 
-1 -1 -1 -1 -1 -1 -1 -1 

time : 8500
5	5	
5	
do chessMigration for app5
migrate succcessfully

-1 5 -1 5 -1 5 -1 -1 
5 -1 5 -1 5 -1 -1 -1 
-1 5 -1 5 -1 5 -1 -1 
-1 -1 -1 -1 -1 -1 -1 -1 
7 -1 7 -1 7 -1 -1 -1 
-1 7 -1 7 -1 7 -1 -1 
7 -1 7 -1 7 -1 -1 -1 
-1 -1 -1 -1 -1 -1 -1 -1 

APP 5 finished
 arrive at 4000 finished at 8692
 waiting time: 1336
 execution time: 3356
migratetimes: 5
migrate_distance: 0
time : 9000
7	
7	
do chessMigration for app7
migrate succcessfully

-1 -1 -1 -1 -1 -1 -1 -1 
-1 -1 -1 -1 -1 -1 -1 -1 
-1 -1 -1 -1 -1 -1 -1 -1 
-1 -1 -1 -1 -1 -1 -1 -1 
-1 7 -1 7 -1 7 -1 -1 
7 -1 7 -1 7 -1 -1 -1 
-1 7 -1 7 -1 7 -1 -1 
-1 -1 -1 -1 -1 -1 -1 -1 

time : 9500
7	
7	
do chessMigration for app7
migrate succcessfully

-1 -1 -1 -1 -1 -1 -1 -1 
-1 -1 -1 -1 -1 -1 -1 -1 
-1 -1 -1 -1 -1 -1 -1 -1 
-1 -1 -1 -1 -1 -1 -1 -1 
7 -1 7 -1 7 -1 -1 -1 
-1 7 -1 7 -1 7 -1 -1 
7 -1 7 -1 7 -1 -1 -1 
-1 -1 -1 -1 -1 -1 -1 -1 

time : 10000
7	
7	
do chessMigration for app7
migrate succcessfully

-1 -1 -1 -1 -1 -1 -1 -1 
-1 -1 -1 -1 -1 -1 -1 -1 
-1 -1 -1 -1 -1 -1 -1 -1 
-1 -1 -1 -1 -1 -1 -1 -1 
-1 7 -1 7 -1 7 -1 -1 
7 -1 7 -1 7 -1 -1 -1 
-1 7 -1 7 -1 7 -1 -1 
-1 -1 -1 -1 -1 -1 -1 -1 

time : 10500
7	7	7	
7	
do chessMigration for app7
migrate succcessfully

-1 -1 -1 -1 -1 -1 -1 -1 
-1 -1 -1 -1 -1 -1 -1 -1 
-1 -1 -1 -1 -1 -1 -1 -1 
-1 -1 -1 -1 -1 -1 -1 -1 
7 -1 7 -1 7 -1 -1 -1 
-1 7 -1 7 -1 7 -1 -1 
7 -1 7 -1 7 -1 -1 -1 
-1 -1 -1 -1 -1 -1 -1 -1 

time : 11000
7	
7	
do chessMigration for app7
migrate succcessfully

-1 -1 -1 -1 -1 -1 -1 -1 
-1 -1 -1 -1 -1 -1 -1 -1 
-1 -1 -1 -1 -1 -1 -1 -1 
-1 -1 -1 -1 -1 -1 -1 -1 
-1 7 -1 7 -1 7 -1 -1 
7 -1 7 -1 7 -1 -1 -1 
-1 7 -1 7 -1 7 -1 -1 
-1 -1 -1 -1 -1 -1 -1 -1 

time : 11500
7	
7	
do chessMigration for app7
migrate succcessfully

-1 -1 -1 -1 -1 -1 -1 -1 
-1 -1 -1 -1 -1 -1 -1 -1 
-1 -1 -1 -1 -1 -1 -1 -1 
-1 -1 -1 -1 -1 -1 -1 -1 
7 -1 7 -1 7 -1 -1 -1 
-1 7 -1 7 -1 7 -1 -1 
7 -1 7 -1 7 -1 -1 -1 
-1 -1 -1 -1 -1 -1 -1 -1 

APP 7 finished
 arrive at 6000 finished at 11619
 waiting time: 2406
 execution time: 3213
migratetimes: 6
migrate_distance: 0
total running time: 11620

-1 -1 -1 -1 -1 -1 -1 -1 
-1 -1 -1 -1 -1 -1 -1 -1 
-1 -1 -1 -1 -1 -1 -1 -1 
-1 -1 -1 -1 -1 -1 -1 -1 
-1 -1 -1 -1 -1 -1 -1 -1 
-1 -1 -1 -1 -1 -1 -1 -1 
-1 -1 -1 -1 -1 -1 -1 -1 
-1 -1 -1 -1 -1 -1 -1 -1 

