/home/chris/simulator/app/arrivalrate/a1000/t1.txt
/home/chris/simulator/app/arrivalrate/a1000/t2.txt
/home/chris/simulator/app/arrivalrate/a1000/t3.txt
/home/chris/simulator/app/arrivalrate/a1000/t4.txt
/home/chris/simulator/app/arrivalrate/a1000/t5.txt
/home/chris/simulator/app/arrivalrate/a1000/t6.txt
/home/chris/simulator/app/arrivalrate/a1000/t7.txt
Output: /home/chris/simulator/Ptrace/mixture3.ptrace
start running
time : 0

1 1 1 1 1 1 1 1 
1 -1 -1 -1 -1 -1 -1 -1 
-1 -1 -1 -1 -1 -1 -1 -1 
-1 -1 -1 -1 -1 -1 -1 -1 
-1 -1 -1 -1 -1 -1 -1 -1 
-1 -1 -1 -1 -1 -1 -1 -1 
-1 -1 -1 -1 -1 -1 -1 -1 
-1 -1 -1 -1 -1 -1 -1 -1 

time : 500
1	
1	
do GlobalColdest Migration for app1
Hot task:0
migrate succcessfully

-1 1 1 1 1 1 1 1 
1 -1 -1 -1 -1 -1 -1 1 
-1 -1 -1 -1 -1 -1 -1 -1 
-1 -1 -1 -1 -1 -1 -1 -1 
-1 -1 -1 -1 -1 -1 -1 -1 
-1 -1 -1 -1 -1 -1 -1 -1 
-1 -1 -1 -1 -1 -1 -1 -1 
-1 -1 -1 -1 -1 -1 -1 -1 

time : 1000

2 1 1 1 1 1 1 1 
1 2 2 2 2 2 2 1 
2 2 -1 -1 -1 -1 -1 -1 
-1 -1 -1 -1 -1 -1 -1 -1 
-1 -1 -1 -1 -1 -1 -1 -1 
-1 -1 -1 -1 -1 -1 -1 -1 
-1 -1 -1 -1 -1 -1 -1 -1 
-1 -1 -1 -1 -1 -1 -1 -1 

time : 1000
1	
1	
do GlobalColdest Migration for app1
Hot task:7
migrate succcessfully

2 1 1 1 1 1 1 -1 
1 2 2 2 2 2 2 1 
2 2 -1 -1 -1 -1 -1 -1 
-1 -1 -1 -1 -1 -1 -1 -1 
-1 -1 -1 -1 -1 -1 -1 -1 
-1 -1 -1 -1 -1 -1 -1 -1 
-1 -1 -1 -1 -1 -1 -1 -1 
1 -1 -1 -1 -1 -1 -1 -1 

time : 1500
2	1	1	1	1	1	
1	2	
do GlobalColdest Migration for app1
Hot task:1
Hot task:2
Hot task:3
Hot task:4
Hot task:5
migrate succcessfully
do GlobalColdest Migration for app2
Hot task:0
migrate succcessfully

-1 -1 -1 -1 -1 -1 1 -1 
1 2 2 2 2 2 2 1 
2 2 -1 -1 -1 -1 -1 -1 
1 -1 -1 -1 -1 -1 -1 -1 
1 -1 -1 -1 -1 -1 -1 1 
2 -1 -1 -1 -1 -1 -1 -1 
-1 -1 -1 -1 -1 -1 -1 -1 
1 -1 -1 -1 -1 -1 1 1 

APP 1 finished
 arrive at 0 finished at 1902
 waiting time: 0
 execution time: 1902
migratetimes: 3
migrate_distance: 66
time : 2000

3 3 3 3 3 3 3 3 
3 2 2 2 2 2 2 -1 
2 2 -1 -1 -1 -1 -1 -1 
-1 -1 -1 -1 -1 -1 -1 -1 
-1 -1 -1 -1 -1 -1 -1 -1 
2 -1 -1 -1 -1 -1 -1 -1 
-1 -1 -1 -1 -1 -1 -1 -1 
-1 -1 -1 -1 -1 -1 -1 -1 

time : 2500
3	2	2	
2	3	
do GlobalColdest Migration for app2
Hot task:1
Hot task:2
migrate succcessfully
do GlobalColdest Migration for app3
Hot task:0
migrate succcessfully

-1 3 3 3 3 3 3 3 
3 -1 -1 2 2 2 2 -1 
2 2 -1 -1 -1 -1 -1 -1 
-1 -1 -1 -1 -1 -1 -1 -1 
-1 -1 -1 -1 -1 -1 -1 2 
2 -1 -1 -1 -1 -1 -1 3 
-1 -1 -1 -1 -1 -1 -1 -1 
-1 -1 -1 2 -1 -1 -1 -1 

time : 3000

4 3 3 3 3 3 3 3 
3 4 4 2 2 2 2 4 
2 2 4 4 4 4 4 -1 
-1 -1 -1 -1 -1 -1 -1 -1 
-1 -1 -1 -1 -1 -1 -1 2 
2 -1 -1 -1 -1 -1 -1 3 
-1 -1 -1 -1 -1 -1 -1 -1 
-1 -1 -1 2 -1 -1 -1 -1 

time : 3500
4	2	2	
2	4	
do GlobalColdest Migration for app2
Hot task:5
Hot task:8
migrate succcessfully
do GlobalColdest Migration for app4
Hot task:0
migrate succcessfully

-1 3 3 3 3 3 3 3 
3 4 4 2 2 -1 2 4 
2 -1 4 4 4 4 4 4 
-1 -1 -1 -1 -1 -1 -1 -1 
-1 -1 -1 -1 -1 -1 -1 2 
2 -1 -1 -1 -1 -1 -1 3 
-1 -1 -1 -1 -1 -1 -1 -1 
2 2 -1 2 -1 -1 -1 -1 

time : 4000

5 3 3 3 3 3 3 3 
3 4 4 2 2 5 2 4 
2 5 4 4 4 4 4 4 
5 5 5 5 5 5 -1 -1 
-1 -1 -1 -1 -1 -1 -1 2 
2 -1 -1 -1 -1 -1 -1 3 
-1 -1 -1 -1 -1 -1 -1 -1 
2 2 -1 2 -1 -1 -1 -1 

time : 4000
3	3	2	4	2	
2	3	4	
do GlobalColdest Migration for app2
Hot task:6
Hot task:7
migrate succcessfully
do GlobalColdest Migration for app3
Hot task:1
Hot task:2
migrate succcessfully
do GlobalColdest Migration for app4
Hot task:3
migrate succcessfully

5 -1 -1 3 3 3 3 3 
3 4 4 2 2 5 -1 -1 
-1 5 4 4 4 4 4 4 
5 5 5 5 5 5 -1 -1 
2 -1 -1 3 2 -1 -1 2 
2 -1 -1 -1 4 -1 -1 3 
-1 -1 -1 -1 -1 -1 -1 -1 
2 2 -1 2 -1 -1 -1 3 

APP 2 finished
 arrive at 1000 finished at 4301
 waiting time: 0
 execution time: 3301
migratetimes: 4
migrate_distance: 52
time : 4500
5	4	4	
4	5	
do GlobalColdest Migration for app4
Hot task:1
Hot task:2
migrate succcessfully
do GlobalColdest Migration for app5
Hot task:0
migrate succcessfully

-1 -1 -1 3 3 3 3 3 
3 -1 -1 -1 -1 5 -1 -1 
-1 5 4 4 4 4 4 4 
5 5 5 5 5 5 -1 -1 
-1 -1 -1 3 -1 -1 -1 -1 
-1 5 4 -1 4 -1 -1 3 
-1 -1 -1 -1 -1 -1 -1 -1 
-1 -1 -1 -1 -1 4 -1 3 

time : 5000

6 6 6 3 3 3 3 3 
3 6 6 6 6 5 6 6 
-1 5 4 4 4 4 4 4 
5 5 5 5 5 5 -1 -1 
-1 -1 -1 3 -1 -1 -1 -1 
-1 5 4 -1 4 -1 -1 3 
-1 -1 -1 -1 -1 -1 -1 -1 
-1 -1 -1 -1 -1 4 -1 3 

time : 5500
6	3	3	5	
3	5	6	
do GlobalColdest Migration for app3
Hot task:4
Hot task:6
migrate succcessfully
do GlobalColdest Migration for app5
Hot task:2
migrate succcessfully
do GlobalColdest Migration for app6
Hot task:0
migrate succcessfully

-1 6 6 3 -1 3 -1 3 
3 6 6 6 6 5 6 6 
-1 -1 4 4 4 4 4 4 
5 5 5 5 5 5 -1 -1 
-1 -1 -1 3 -1 -1 -1 3 
-1 5 4 -1 4 -1 -1 3 
-1 -1 -1 -1 -1 -1 -1 -1 
6 -1 5 3 -1 4 -1 3 

time : 6000

7 6 6 3 7 3 7 3 
3 6 6 6 6 5 6 6 
7 7 4 4 4 4 4 4 
5 5 5 5 5 5 7 7 
7 7 -1 3 -1 -1 -1 3 
-1 5 4 -1 4 -1 -1 3 
-1 -1 -1 -1 -1 -1 -1 -1 
6 -1 5 3 -1 4 -1 3 

time : 6000
3	5	4	4	4	
3	4	5	
do GlobalColdest Migration for app3
Hot task:3
migrate succcessfully
do GlobalColdest Migration for app4
Hot task:4
Hot task:5
Hot task:7
migrate succcessfully
do GlobalColdest Migration for app5
Hot task:1
migrate succcessfully

7 6 6 -1 7 3 7 3 
3 6 6 6 6 -1 6 6 
7 7 -1 -1 4 -1 4 4 
5 5 5 5 5 5 7 7 
7 7 -1 3 -1 4 -1 3 
-1 5 4 -1 4 4 3 3 
5 -1 -1 -1 -1 -1 -1 4 
6 -1 5 3 -1 4 -1 3 

APP 4 finished
 arrive at 3000 finished at 6302
 waiting time: 0
 execution time: 3302
migratetimes: 4
migrate_distance: 46
time : 6500
7	6	5	5	
5	6	7	
do GlobalColdest Migration for app5
Hot task:5
Hot task:6
migrate succcessfully
do GlobalColdest Migration for app6
Hot task:3
migrate succcessfully
do GlobalColdest Migration for app7
Hot task:0
migrate succcessfully

-1 6 6 -1 7 3 7 3 
3 -1 6 6 6 -1 6 6 
7 7 -1 -1 -1 -1 -1 -1 
5 5 -1 -1 5 5 7 7 
7 7 -1 3 -1 -1 -1 3 
5 5 -1 -1 -1 -1 3 3 
5 -1 -1 6 7 -1 -1 -1 
6 -1 5 3 5 -1 -1 3 

time : 7000
6	6	3	6	6	6	6	5	
3	5	6	
do GlobalColdest Migration for app3
Hot task:7
migrate succcessfully
do GlobalColdest Migration for app5
Hot task:4
migrate succcessfully
do GlobalColdest Migration for app6
Hot task:1
Hot task:2
Hot task:4
Hot task:5
Hot task:6
Hot task:7
migrate succcessfully

-1 -1 -1 -1 7 3 7 -1 
3 -1 -1 -1 -1 -1 -1 6 
7 7 -1 -1 -1 -1 -1 -1 
5 -1 -1 -1 5 5 7 7 
7 7 -1 3 6 -1 -1 3 
5 5 5 6 6 -1 3 3 
5 6 -1 6 7 -1 -1 -1 
6 6 5 3 5 6 3 3 

time : 7500
7	3	6	
3	6	7	
do GlobalColdest Migration for app3
Hot task:8
migrate succcessfully
do GlobalColdest Migration for app6
Hot task:8
migrate succcessfully
do GlobalColdest Migration for app7
Hot task:1
migrate succcessfully

-1 -1 -1 -1 -1 3 7 -1 
-1 -1 -1 -1 -1 -1 -1 -1 
7 7 -1 -1 -1 -1 -1 -1 
5 -1 -1 -1 5 5 7 7 
7 7 -1 3 6 -1 6 3 
5 5 5 6 6 7 3 3 
5 6 -1 6 7 -1 -1 3 
6 6 5 3 5 6 3 3 

APP 6 finished
 arrive at 5000 finished at 7501
 waiting time: 0
 execution time: 2501
migratetimes: 4
migrate_distance: 58
APP 3 finished
 arrive at 2000 finished at 7602
 waiting time: 0
 execution time: 5602
migratetimes: 6
migrate_distance: 75
time : 8000
7	5	
5	7	
do GlobalColdest Migration for app5
Hot task:8
migrate succcessfully
do GlobalColdest Migration for app7
Hot task:2
migrate succcessfully

-1 -1 -1 -1 -1 -1 -1 -1 
-1 -1 -1 -1 -1 -1 -1 -1 
7 7 -1 -1 -1 -1 -1 -1 
5 -1 -1 -1 5 -1 7 7 
7 7 -1 -1 -1 -1 -1 5 
5 5 5 -1 -1 7 -1 -1 
5 -1 -1 -1 7 -1 -1 -1 
7 -1 5 -1 5 -1 -1 -1 

APP 5 finished
 arrive at 4000 finished at 8002
 waiting time: 0
 execution time: 4002
migratetimes: 6
migrate_distance: 37
time : 9000
7	7	
7	
do GlobalColdest Migration for app7
Hot task:3
Hot task:4
migrate succcessfully

-1 -1 -1 -1 -1 -1 -1 -1 
-1 -1 -1 -1 -1 -1 -1 -1 
-1 -1 -1 -1 -1 -1 -1 -1 
-1 -1 -1 -1 -1 -1 7 7 
7 7 -1 -1 -1 -1 -1 -1 
7 -1 -1 -1 -1 7 -1 -1 
-1 -1 -1 -1 7 -1 -1 -1 
7 -1 -1 -1 -1 -1 -1 7 

time : 9500
7	7	
7	
do GlobalColdest Migration for app7
Hot task:5
Hot task:6
migrate succcessfully

-1 -1 -1 -1 -1 -1 -1 -1 
-1 -1 -1 -1 -1 -1 -1 -1 
-1 -1 -1 -1 -1 -1 -1 -1 
-1 -1 -1 -1 -1 -1 -1 -1 
7 7 -1 -1 -1 -1 -1 -1 
7 -1 -1 -1 -1 7 -1 -1 
-1 -1 -1 -1 7 -1 -1 -1 
7 -1 7 7 -1 -1 -1 7 

time : 10500
7	7	
7	
do GlobalColdest Migration for app7
Hot task:7
Hot task:8
migrate succcessfully

-1 -1 -1 -1 -1 -1 -1 -1 
-1 -1 -1 -1 -1 -1 -1 -1 
-1 -1 -1 -1 -1 -1 -1 -1 
-1 -1 -1 -1 -1 -1 -1 -1 
-1 -1 -1 -1 -1 -1 -1 -1 
7 -1 -1 -1 -1 7 -1 -1 
7 -1 -1 -1 7 -1 -1 -1 
7 -1 7 7 -1 7 -1 7 

APP 7 finished
 arrive at 6000 finished at 10802
 waiting time: 0
 execution time: 4802
migratetimes: 6
migrate_distance: 70
total running time: 10803

-1 -1 -1 -1 -1 -1 -1 -1 
-1 -1 -1 -1 -1 -1 -1 -1 
-1 -1 -1 -1 -1 -1 -1 -1 
-1 -1 -1 -1 -1 -1 -1 -1 
-1 -1 -1 -1 -1 -1 -1 -1 
-1 -1 -1 -1 -1 -1 -1 -1 
-1 -1 -1 -1 -1 -1 -1 -1 
-1 -1 -1 -1 -1 -1 -1 -1 

