/home/chris/simulator/app/arrivalrate/a1000/t1.txt
/home/chris/simulator/app/arrivalrate/a1000/t2.txt
/home/chris/simulator/app/arrivalrate/a1000/t3.txt
/home/chris/simulator/app/arrivalrate/a1000/t4.txt
/home/chris/simulator/app/arrivalrate/a1000/t5.txt
/home/chris/simulator/app/arrivalrate/a1000/t6.txt
/home/chris/simulator/app/arrivalrate/a1000/t7.txt
Output: /home/chris/simulator/Ptrace/mixture4.ptrace
start running
withbubblemap: 4*4
time : 0

1 1 1 -1 -1 -1 -1 -1 
1 1 1 -1 -1 -1 -1 -1 
1 1 1 -1 -1 -1 -1 -1 
-1 -1 -1 -1 -1 -1 -1 -1 
-1 -1 -1 -1 -1 -1 -1 -1 
-1 -1 -1 -1 -1 -1 -1 -1 
-1 -1 -1 -1 -1 -1 -1 -1 
-1 -1 -1 -1 -1 -1 -1 -1 

time : 500
1	
1	
do local Dark Migration for app1
Hot task:0
migrate succcessfully

-1 1 1 1 -1 -1 -1 -1 
1 1 1 -1 -1 -1 -1 -1 
1 1 1 -1 -1 -1 -1 -1 
-1 -1 -1 -1 -1 -1 -1 -1 
-1 -1 -1 -1 -1 -1 -1 -1 
-1 -1 -1 -1 -1 -1 -1 -1 
-1 -1 -1 -1 -1 -1 -1 -1 
-1 -1 -1 -1 -1 -1 -1 -1 

withbubblemap: 4*4
time : 1000

-1 1 1 1 2 2 2 -1 
1 1 1 -1 2 2 2 -1 
1 1 1 -1 2 2 2 -1 
-1 -1 -1 -1 -1 -1 -1 -1 
-1 -1 -1 -1 -1 -1 -1 -1 
-1 -1 -1 -1 -1 -1 -1 -1 
-1 -1 -1 -1 -1 -1 -1 -1 
-1 -1 -1 -1 -1 -1 -1 -1 

time : 1000
1	
1	
do local Dark Migration for app1
Hot task:2
migrate succcessfully

-1 1 -1 1 2 2 2 -1 
1 1 1 -1 2 2 2 -1 
1 1 1 -1 2 2 2 -1 
-1 -1 -1 1 -1 -1 -1 -1 
-1 -1 -1 -1 -1 -1 -1 -1 
-1 -1 -1 -1 -1 -1 -1 -1 
-1 -1 -1 -1 -1 -1 -1 -1 
-1 -1 -1 -1 -1 -1 -1 -1 

time : 1500
2	1	1	1	1	1	
1	2	
do local Dark Migration for app1
Hot task:3
Hot task:4
Hot task:6
Hot task:7
Hot task:8
migrate succcessfully
do local Dark Migration for app2
Hot task:0
migrate succcessfully

-1 1 -1 1 -1 2 2 2 
-1 -1 1 1 2 2 2 -1 
-1 -1 -1 1 2 2 2 -1 
1 1 1 1 -1 -1 -1 -1 
-1 -1 -1 -1 -1 -1 -1 -1 
-1 -1 -1 -1 -1 -1 -1 -1 
-1 -1 -1 -1 -1 -1 -1 -1 
-1 -1 -1 -1 -1 -1 -1 -1 

APP 1 finished
 arrive at 0 finished at 1701
 waiting time: 0
 execution time: 1701
migratetimes: 3
migrate_distance: 18
withbubblemap: 4*4
time : 2000

3 3 3 -1 -1 2 2 2 
3 3 3 -1 2 2 2 -1 
3 3 3 -1 2 2 2 -1 
-1 -1 -1 -1 -1 -1 -1 -1 
-1 -1 -1 -1 -1 -1 -1 -1 
-1 -1 -1 -1 -1 -1 -1 -1 
-1 -1 -1 -1 -1 -1 -1 -1 
-1 -1 -1 -1 -1 -1 -1 -1 

time : 2000
2	
2	
do local Dark Migration for app2
Hot task:2
migrate succcessfully

3 3 3 -1 -1 2 -1 2 
3 3 3 -1 2 2 2 -1 
3 3 3 -1 2 2 2 2 
-1 -1 -1 -1 -1 -1 -1 -1 
-1 -1 -1 -1 -1 -1 -1 -1 
-1 -1 -1 -1 -1 -1 -1 -1 
-1 -1 -1 -1 -1 -1 -1 -1 
-1 -1 -1 -1 -1 -1 -1 -1 

time : 2500
3	2	
2	3	
do local Dark Migration for app2
Hot task:3
migrate succcessfully
do local Dark Migration for app3
Hot task:0
migrate succcessfully

-1 3 3 -1 -1 2 -1 2 
3 3 3 -1 -1 2 2 -1 
3 3 3 -1 2 2 2 2 
-1 -1 -1 3 -1 -1 2 -1 
-1 -1 -1 -1 -1 -1 -1 -1 
-1 -1 -1 -1 -1 -1 -1 -1 
-1 -1 -1 -1 -1 -1 -1 -1 
-1 -1 -1 -1 -1 -1 -1 -1 

time : 3000
2	2	2	2	2	
2	
do local Dark Migration for app2
Hot task:4
Hot task:5
Hot task:6
Hot task:7
Hot task:8
migrate succcessfully

-1 3 3 -1 2 2 -1 2 
3 3 3 -1 -1 -1 -1 2 
3 3 3 -1 -1 -1 -1 2 
-1 -1 -1 3 2 2 2 2 
-1 -1 -1 -1 -1 -1 -1 -1 
-1 -1 -1 -1 -1 -1 -1 -1 
-1 -1 -1 -1 -1 -1 -1 -1 
-1 -1 -1 -1 -1 -1 -1 -1 

APP 2 finished
 arrive at 1000 finished at 3301
 waiting time: 0
 execution time: 2301
migratetimes: 4
migrate_distance: 25
withbubblemap: 4*4
time : 3302

-1 3 3 -1 4 4 4 -1 
3 3 3 -1 4 4 4 -1 
3 3 3 -1 4 4 4 -1 
-1 -1 -1 3 -1 -1 -1 -1 
-1 -1 -1 -1 -1 -1 -1 -1 
-1 -1 -1 -1 -1 -1 -1 -1 
-1 -1 -1 -1 -1 -1 -1 -1 
-1 -1 -1 -1 -1 -1 -1 -1 

time : 3500
3	3	4	
3	4	
do local Dark Migration for app3
Hot task:1
Hot task:2
migrate succcessfully
do local Dark Migration for app4
Hot task:0
migrate succcessfully

-1 -1 -1 -1 -1 4 4 4 
3 3 3 -1 4 4 4 -1 
3 3 3 -1 4 4 4 -1 
3 3 -1 3 -1 -1 -1 -1 
-1 -1 -1 -1 -1 -1 -1 -1 
-1 -1 -1 -1 -1 -1 -1 -1 
-1 -1 -1 -1 -1 -1 -1 -1 
-1 -1 -1 -1 -1 -1 -1 -1 

withbubblemap: 4*4
time : 4000

-1 -1 -1 -1 -1 4 4 4 
3 3 3 -1 4 4 4 -1 
3 3 3 -1 4 4 4 -1 
3 3 -1 3 -1 -1 -1 -1 
5 5 5 -1 -1 -1 -1 -1 
5 5 5 -1 -1 -1 -1 -1 
5 5 5 -1 -1 -1 -1 -1 
-1 -1 -1 -1 -1 -1 -1 -1 

time : 4500
4	4	3	3	3	5	
3	4	5	
do local Dark Migration for app3
Hot task:3
Hot task:4
Hot task:5
migrate succcessfully
do local Dark Migration for app4
Hot task:1
Hot task:2
migrate succcessfully
do local Dark Migration for app5
Hot task:0
migrate succcessfully

-1 -1 -1 3 -1 -1 -1 4 
-1 -1 -1 -1 4 4 4 -1 
3 3 3 3 4 4 4 4 
3 3 3 3 -1 -1 -1 4 
-1 5 5 -1 -1 -1 -1 -1 
5 5 5 -1 -1 -1 -1 -1 
5 5 5 -1 -1 -1 -1 -1 
5 -1 -1 -1 -1 -1 -1 -1 

withbubblemap: 4*4
time : 5000

-1 -1 -1 3 -1 -1 -1 4 
-1 -1 -1 -1 4 4 4 -1 
3 3 3 3 4 4 4 4 
3 3 3 3 -1 -1 -1 4 
-1 5 5 -1 6 6 6 -1 
5 5 5 -1 6 6 6 -1 
5 5 5 -1 6 6 6 -1 
5 -1 -1 -1 -1 -1 -1 -1 

time : 5000
3	3	
3	
do local Dark Migration for app3
Hot task:7
Hot task:8
migrate succcessfully

3 -1 3 3 -1 -1 -1 4 
-1 -1 -1 -1 4 4 4 -1 
3 -1 -1 3 4 4 4 4 
3 3 3 3 -1 -1 -1 4 
-1 5 5 -1 6 6 6 -1 
5 5 5 -1 6 6 6 -1 
5 5 5 -1 6 6 6 -1 
5 -1 -1 -1 -1 -1 -1 -1 

APP 3 finished
 arrive at 2000 finished at 5301
 waiting time: 0
 execution time: 3301
migratetimes: 4
migrate_distance: 28
time : 5500
4	4	4	4	5	5	6	
4	5	6	
do local Dark Migration for app4
Hot task:4
Hot task:5
Hot task:6
Hot task:8
migrate succcessfully
do local Dark Migration for app5
Hot task:1
Hot task:2
migrate succcessfully
do local Dark Migration for app6
Hot task:0
migrate succcessfully

-1 -1 -1 -1 4 -1 -1 4 
-1 -1 -1 -1 4 -1 -1 -1 
-1 -1 -1 -1 -1 4 -1 4 
-1 -1 -1 -1 4 4 4 4 
-1 -1 -1 -1 -1 6 6 -1 
5 5 5 -1 6 6 6 -1 
5 5 5 -1 6 6 6 -1 
5 -1 5 5 -1 -1 -1 6 

APP 4 finished
 arrive at 3000 finished at 5804
 waiting time: 302
 execution time: 2502
migratetimes: 3
migrate_distance: 22
withbubblemap: 4*4
time : 6000

-1 -1 -1 -1 7 7 7 -1 
-1 -1 -1 -1 7 7 7 -1 
-1 -1 -1 -1 7 7 7 -1 
-1 -1 -1 -1 -1 -1 -1 -1 
-1 -1 -1 -1 -1 6 6 -1 
5 5 5 -1 6 6 6 -1 
5 5 5 -1 6 6 6 -1 
5 -1 5 5 -1 -1 -1 6 

time : 6500
7	6	6	5	5	5	6	6	6	5	6	6	
5	6	7	
do local Dark Migration for app5
Hot task:3
Hot task:4
Hot task:5
Hot task:6
migrate succcessfully
do local Dark Migration for app6
Hot task:1
Hot task:2
Hot task:3
Hot task:4
Hot task:5
Hot task:6
Hot task:7
migrate succcessfully
do local Dark Migration for app7
Hot task:0
migrate succcessfully

-1 -1 -1 -1 -1 7 7 7 
-1 -1 -1 -1 7 7 7 -1 
-1 -1 -1 -1 7 7 7 -1 
-1 -1 -1 -1 -1 -1 -1 -1 
5 -1 -1 5 6 -1 -1 6 
-1 -1 -1 -1 -1 -1 -1 6 
-1 5 5 5 -1 -1 6 6 
5 5 5 5 6 6 6 6 

APP 6 finished
 arrive at 5000 finished at 6701
 waiting time: 0
 execution time: 1701
migratetimes: 2
migrate_distance: 28
time : 7000
7	
7	
do local Dark Migration for app7
Hot task:2
migrate succcessfully

-1 -1 -1 -1 -1 7 -1 7 
-1 -1 -1 -1 7 7 7 -1 
-1 -1 -1 -1 7 7 7 7 
-1 -1 -1 -1 -1 -1 -1 -1 
5 -1 -1 5 -1 -1 -1 -1 
-1 -1 -1 -1 -1 -1 -1 -1 
-1 5 5 5 -1 -1 -1 -1 
5 5 5 5 -1 -1 -1 -1 

time : 7500
5	
5	
do local Dark Migration for app5
Hot task:8
migrate succcessfully

-1 -1 -1 -1 -1 7 -1 7 
-1 -1 -1 -1 7 7 7 -1 
-1 -1 -1 -1 7 7 7 7 
-1 -1 -1 -1 -1 -1 -1 -1 
5 5 -1 5 -1 -1 -1 -1 
-1 -1 -1 -1 -1 -1 -1 -1 
-1 5 -1 5 -1 -1 -1 -1 
5 5 5 5 -1 -1 -1 -1 

APP 5 finished
 arrive at 4000 finished at 7501
 waiting time: 0
 execution time: 3501
migratetimes: 4
migrate_distance: 26
time : 8000
7	7	7	7	
7	
do local Dark Migration for app7
Hot task:3
Hot task:4
Hot task:5
Hot task:6
migrate succcessfully

-1 -1 -1 -1 -1 7 -1 7 
-1 -1 -1 -1 -1 -1 -1 -1 
-1 -1 -1 -1 -1 7 7 7 
-1 -1 -1 -1 7 7 7 7 
-1 -1 -1 -1 -1 -1 -1 -1 
-1 -1 -1 -1 -1 -1 -1 -1 
-1 -1 -1 -1 -1 -1 -1 -1 
-1 -1 -1 -1 -1 -1 -1 -1 

time : 9000
7	7	
7	
do local Dark Migration for app7
Hot task:7
Hot task:8
migrate succcessfully

-1 -1 -1 -1 -1 7 7 7 
-1 -1 -1 -1 -1 -1 -1 7 
-1 -1 -1 -1 -1 -1 -1 7 
-1 -1 -1 -1 7 7 7 7 
-1 -1 -1 -1 -1 -1 -1 -1 
-1 -1 -1 -1 -1 -1 -1 -1 
-1 -1 -1 -1 -1 -1 -1 -1 
-1 -1 -1 -1 -1 -1 -1 -1 

APP 7 finished
 arrive at 6000 finished at 9102
 waiting time: 0
 execution time: 3102
migratetimes: 4
migrate_distance: 23
total running time: 9103

-1 -1 -1 -1 -1 -1 -1 -1 
-1 -1 -1 -1 -1 -1 -1 -1 
-1 -1 -1 -1 -1 -1 -1 -1 
-1 -1 -1 -1 -1 -1 -1 -1 
-1 -1 -1 -1 -1 -1 -1 -1 
-1 -1 -1 -1 -1 -1 -1 -1 
-1 -1 -1 -1 -1 -1 -1 -1 
-1 -1 -1 -1 -1 -1 -1 -1 

