/home/chris/simulator/app/single/level3.txt
Output: /home/chris/simulator/Ptrace/mixture3.ptrace
start running

0 1 2 3 4 5 6 7 
8 -1 -1 -1 -1 -1 -1 -1 
-1 -1 -1 -1 -1 -1 -1 -1 
-1 -1 -1 -1 -1 -1 -1 -1 
-1 -1 -1 -1 -1 -1 -1 -1 
-1 -1 -1 -1 -1 -1 -1 -1 
-1 -1 -1 -1 -1 -1 -1 -1 
-1 -1 -1 -1 -1 -1 -1 -1 

time : 500
1	
1	
do GlobalColdest Migration for app1
Hot task:0
migrate succcessfully

-1 1 2 3 4 5 6 7 
8 -1 -1 -1 -1 -1 -1 0 
-1 -1 -1 -1 -1 -1 -1 -1 
-1 -1 -1 -1 -1 -1 -1 -1 
-1 -1 -1 -1 -1 -1 -1 -1 
-1 -1 -1 -1 -1 -1 -1 -1 
-1 -1 -1 -1 -1 -1 -1 -1 
-1 -1 -1 -1 -1 -1 -1 -1 

time : 1500
1	
1	
do GlobalColdest Migration for app1
Hot task:2
migrate succcessfully

-1 1 -1 3 4 5 6 7 
8 -1 -1 -1 -1 -1 -1 0 
-1 -1 -1 -1 -1 -1 -1 -1 
-1 -1 -1 -1 -1 -1 -1 -1 
-1 -1 -1 -1 -1 -1 -1 -1 
-1 -1 -1 -1 -1 -1 -1 -1 
-1 -1 -1 -1 -1 -1 -1 -1 
2 -1 -1 -1 -1 -1 -1 -1 

time : 2500
1	1	
1	
do GlobalColdest Migration for app1
Hot task:3
Hot task:4
migrate succcessfully

-1 1 -1 -1 -1 5 6 7 
8 -1 -1 -1 -1 -1 -1 0 
-1 -1 -1 -1 -1 -1 -1 -1 
-1 -1 -1 -1 -1 -1 -1 -1 
-1 -1 -1 -1 -1 -1 -1 -1 
-1 -1 -1 -1 -1 -1 -1 -1 
-1 -1 -1 -1 -1 -1 -1 -1 
2 -1 -1 -1 -1 -1 4 3 

time : 3500
1	1	
1	
do GlobalColdest Migration for app1
Hot task:5
Hot task:6
migrate succcessfully

-1 1 -1 -1 -1 -1 -1 7 
8 -1 -1 -1 -1 -1 -1 0 
-1 -1 -1 -1 -1 -1 -1 -1 
-1 -1 -1 -1 -1 -1 -1 -1 
5 -1 -1 -1 -1 -1 -1 6 
-1 -1 -1 -1 -1 -1 -1 -1 
-1 -1 -1 -1 -1 -1 -1 -1 
2 -1 -1 -1 -1 -1 4 3 

time : 4000
1	
1	
do GlobalColdest Migration for app1
Hot task:7
migrate succcessfully

-1 1 -1 -1 -1 -1 -1 -1 
8 -1 -1 -1 -1 -1 -1 0 
-1 -1 -1 -1 -1 -1 -1 -1 
-1 -1 -1 -1 -1 -1 -1 -1 
5 -1 -1 -1 -1 -1 -1 6 
-1 -1 -1 -1 -1 -1 -1 -1 
-1 -1 -1 -1 -1 -1 -1 -1 
2 -1 -1 7 -1 -1 4 3 

time : 4500
1	
1	
do GlobalColdest Migration for app1
Hot task:8
migrate succcessfully

-1 1 -1 -1 -1 -1 -1 -1 
-1 -1 -1 -1 -1 -1 -1 0 
-1 -1 -1 -1 -1 -1 -1 -1 
-1 -1 -1 -1 -1 -1 -1 -1 
5 -1 -1 -1 -1 -1 -1 6 
-1 -1 -1 -1 -1 -1 -1 -1 
-1 -1 -1 -1 -1 -1 -1 -1 
2 -1 8 7 -1 -1 4 3 

APP 1 finished
 arrive at 0 finished at 4602
 waiting time: 0
 execution time: 4602
migratetimes: 6
migrate_distance: 70
total running time: 4603

-1 -1 -1 -1 -1 -1 -1 -1 
-1 -1 -1 -1 -1 -1 -1 -1 
-1 -1 -1 -1 -1 -1 -1 -1 
-1 -1 -1 -1 -1 -1 -1 -1 
-1 -1 -1 -1 -1 -1 -1 -1 
-1 -1 -1 -1 -1 -1 -1 -1 
-1 -1 -1 -1 -1 -1 -1 -1 
-1 -1 -1 -1 -1 -1 -1 -1 

