/home/chris/simulator/app/single/level4.txt
Output: /home/chris/simulator/Ptrace/mixture3.ptrace
start running

0 1 2 3 4 5 6 7 
8 -1 -1 -1 -1 -1 -1 -1 
-1 -1 -1 -1 -1 -1 -1 -1 
-1 -1 -1 -1 -1 -1 -1 -1 
-1 -1 -1 -1 -1 -1 -1 -1 
-1 -1 -1 -1 -1 -1 -1 -1 
-1 -1 -1 -1 -1 -1 -1 -1 
-1 -1 -1 -1 -1 -1 -1 -1 

time : 500
1	
1	
do GlobalColdest Migration for app1
Hot task:0
migrate succcessfully

-1 1 2 3 4 5 6 7 
8 -1 -1 -1 -1 -1 -1 0 
-1 -1 -1 -1 -1 -1 -1 -1 
-1 -1 -1 -1 -1 -1 -1 -1 
-1 -1 -1 -1 -1 -1 -1 -1 
-1 -1 -1 -1 -1 -1 -1 -1 
-1 -1 -1 -1 -1 -1 -1 -1 
-1 -1 -1 -1 -1 -1 -1 -1 

time : 1500
1	
1	
do GlobalColdest Migration for app1
Hot task:5
migrate succcessfully

-1 1 2 3 4 -1 6 7 
8 -1 -1 -1 -1 -1 -1 0 
-1 -1 -1 -1 -1 -1 -1 -1 
-1 -1 -1 -1 -1 -1 -1 -1 
-1 -1 -1 -1 -1 -1 -1 -1 
-1 -1 -1 -1 -1 -1 -1 -1 
-1 -1 -1 -1 -1 -1 -1 -1 
5 -1 -1 -1 -1 -1 -1 -1 

time : 2500
1	
1	
do GlobalColdest Migration for app1
Hot task:2
migrate succcessfully

-1 1 -1 3 4 -1 6 7 
8 -1 -1 -1 -1 -1 -1 0 
-1 -1 -1 -1 -1 -1 -1 -1 
-1 -1 -1 -1 -1 -1 -1 -1 
-1 -1 -1 -1 -1 -1 -1 -1 
-1 -1 -1 -1 -1 -1 -1 -1 
-1 -1 -1 -1 -1 -1 -1 -1 
5 -1 -1 -1 -1 -1 -1 2 

time : 4000
1	1	
1	
do GlobalColdest Migration for app1
Hot task:3
Hot task:7
migrate succcessfully

-1 1 -1 -1 4 -1 6 -1 
8 -1 -1 -1 -1 -1 -1 0 
-1 -1 -1 -1 -1 -1 -1 -1 
-1 -1 -1 -1 -1 -1 -1 -1 
7 -1 -1 -1 -1 -1 -1 -1 
-1 -1 -1 -1 -1 -1 -1 -1 
-1 -1 -1 -1 -1 -1 -1 -1 
5 -1 -1 -1 3 -1 -1 2 

time : 5000
1	
1	
do GlobalColdest Migration for app1
Hot task:8
migrate succcessfully

-1 1 -1 -1 4 -1 6 -1 
-1 -1 -1 -1 -1 -1 -1 0 
-1 -1 -1 -1 -1 -1 -1 -1 
-1 -1 -1 -1 -1 -1 -1 -1 
7 -1 -1 -1 -1 -1 -1 8 
-1 -1 -1 -1 -1 -1 -1 -1 
-1 -1 -1 -1 -1 -1 -1 -1 
5 -1 -1 -1 3 -1 -1 2 

time : 5500
1	
1	
do GlobalColdest Migration for app1
Hot task:4
migrate succcessfully

-1 1 -1 -1 -1 -1 6 -1 
-1 -1 -1 -1 -1 -1 -1 0 
-1 -1 -1 -1 -1 -1 -1 -1 
-1 -1 -1 -1 -1 -1 -1 -1 
7 -1 -1 -1 -1 -1 -1 8 
-1 -1 -1 -1 -1 -1 -1 -1 
-1 -1 -1 -1 -1 -1 -1 -1 
5 4 -1 -1 3 -1 -1 2 

APP 1 finished
 arrive at 0 finished at 5603
 waiting time: 0
 execution time: 5603
migratetimes: 6
migrate_distance: 71
total running time: 5604

-1 -1 -1 -1 -1 -1 -1 -1 
-1 -1 -1 -1 -1 -1 -1 -1 
-1 -1 -1 -1 -1 -1 -1 -1 
-1 -1 -1 -1 -1 -1 -1 -1 
-1 -1 -1 -1 -1 -1 -1 -1 
-1 -1 -1 -1 -1 -1 -1 -1 
-1 -1 -1 -1 -1 -1 -1 -1 
-1 -1 -1 -1 -1 -1 -1 -1 

