/home/chris/simulator/app/single/level6.txt
Output: /home/chris/simulator/Ptrace/mixture3.ptrace
start running

0 1 2 3 4 5 6 7 
8 -1 -1 -1 -1 -1 -1 -1 
-1 -1 -1 -1 -1 -1 -1 -1 
-1 -1 -1 -1 -1 -1 -1 -1 
-1 -1 -1 -1 -1 -1 -1 -1 
-1 -1 -1 -1 -1 -1 -1 -1 
-1 -1 -1 -1 -1 -1 -1 -1 
-1 -1 -1 -1 -1 -1 -1 -1 

time : 500
1	
1	
do GlobalColdest Migration for app1
Hot task:0
migrate succcessfully

-1 1 2 3 4 5 6 7 
8 -1 -1 -1 -1 -1 -1 0 
-1 -1 -1 -1 -1 -1 -1 -1 
-1 -1 -1 -1 -1 -1 -1 -1 
-1 -1 -1 -1 -1 -1 -1 -1 
-1 -1 -1 -1 -1 -1 -1 -1 
-1 -1 -1 -1 -1 -1 -1 -1 
-1 -1 -1 -1 -1 -1 -1 -1 

time : 1000
1	
1	
do GlobalColdest Migration for app1
Hot task:7
migrate succcessfully

-1 1 2 3 4 5 6 -1 
8 -1 -1 -1 -1 -1 -1 0 
-1 -1 -1 -1 -1 -1 -1 -1 
-1 -1 -1 -1 -1 -1 -1 -1 
-1 -1 -1 -1 -1 -1 -1 -1 
-1 -1 -1 -1 -1 -1 -1 -1 
-1 -1 -1 -1 -1 -1 -1 -1 
7 -1 -1 -1 -1 -1 -1 -1 

time : 2500
1	1	
1	
do GlobalColdest Migration for app1
Hot task:2
Hot task:8
migrate succcessfully

-1 1 -1 3 4 5 6 -1 
-1 -1 -1 -1 -1 -1 -1 0 
-1 -1 -1 -1 -1 -1 -1 -1 
-1 -1 -1 -1 -1 -1 -1 -1 
-1 -1 -1 -1 -1 -1 -1 -1 
-1 -1 -1 -1 -1 -1 -1 -1 
-1 -1 -1 -1 -1 -1 -1 -1 
7 -1 -1 -1 -1 -1 8 2 

time : 4000
1	
1	
do GlobalColdest Migration for app1
Hot task:3
migrate succcessfully

-1 1 -1 -1 4 5 6 3 
-1 -1 -1 -1 -1 -1 -1 0 
-1 -1 -1 -1 -1 -1 -1 -1 
-1 -1 -1 -1 -1 -1 -1 -1 
-1 -1 -1 -1 -1 -1 -1 -1 
-1 -1 -1 -1 -1 -1 -1 -1 
-1 -1 -1 -1 -1 -1 -1 -1 
7 -1 -1 -1 -1 -1 8 2 

time : 5000
1	
1	
do GlobalColdest Migration for app1
Hot task:4
migrate succcessfully

-1 1 -1 -1 -1 5 6 3 
-1 -1 -1 -1 -1 -1 -1 0 
-1 -1 -1 -1 -1 -1 -1 -1 
-1 -1 -1 -1 -1 -1 -1 -1 
-1 -1 -1 -1 -1 -1 -1 4 
-1 -1 -1 -1 -1 -1 -1 -1 
-1 -1 -1 -1 -1 -1 -1 -1 
7 -1 -1 -1 -1 -1 8 2 

time : 7000
1	
1	
do GlobalColdest Migration for app1
Hot task:6
migrate succcessfully

-1 1 -1 -1 -1 5 -1 3 
-1 -1 -1 -1 -1 -1 -1 0 
-1 -1 -1 -1 -1 -1 -1 -1 
-1 -1 -1 -1 -1 -1 -1 -1 
-1 -1 -1 -1 -1 -1 -1 4 
-1 -1 -1 -1 -1 -1 -1 -1 
-1 -1 -1 -1 -1 -1 -1 -1 
7 6 -1 -1 -1 -1 8 2 

APP 1 finished
 arrive at 0 finished at 7103
 waiting time: 0
 execution time: 7103
migratetimes: 6
migrate_distance: 69
total running time: 7104

-1 -1 -1 -1 -1 -1 -1 -1 
-1 -1 -1 -1 -1 -1 -1 -1 
-1 -1 -1 -1 -1 -1 -1 -1 
-1 -1 -1 -1 -1 -1 -1 -1 
-1 -1 -1 -1 -1 -1 -1 -1 
-1 -1 -1 -1 -1 -1 -1 -1 
-1 -1 -1 -1 -1 -1 -1 -1 
-1 -1 -1 -1 -1 -1 -1 -1 

