/home/chris/simulator/app/single/level4.txt
Output: /home/chris/simulator/Ptrace/mixture4.ptrace
start running
withbubblemap: 4*4

0 1 2 -1 -1 -1 -1 -1 
3 4 5 -1 -1 -1 -1 -1 
6 7 8 -1 -1 -1 -1 -1 
-1 -1 -1 -1 -1 -1 -1 -1 
-1 -1 -1 -1 -1 -1 -1 -1 
-1 -1 -1 -1 -1 -1 -1 -1 
-1 -1 -1 -1 -1 -1 -1 -1 
-1 -1 -1 -1 -1 -1 -1 -1 

time : 500
1	
1	
do local Dark Migration for app1
Hot task:0
migrate succcessfully

-1 1 2 0 -1 -1 -1 -1 
3 4 5 -1 -1 -1 -1 -1 
6 7 8 -1 -1 -1 -1 -1 
-1 -1 -1 -1 -1 -1 -1 -1 
-1 -1 -1 -1 -1 -1 -1 -1 
-1 -1 -1 -1 -1 -1 -1 -1 
-1 -1 -1 -1 -1 -1 -1 -1 
-1 -1 -1 -1 -1 -1 -1 -1 

time : 2000
1	1	
1	
do local Dark Migration for app1
Hot task:2
Hot task:6
migrate succcessfully

-1 1 -1 0 -1 -1 -1 -1 
3 4 5 -1 -1 -1 -1 -1 
-1 7 8 -1 -1 -1 -1 -1 
-1 -1 6 2 -1 -1 -1 -1 
-1 -1 -1 -1 -1 -1 -1 -1 
-1 -1 -1 -1 -1 -1 -1 -1 
-1 -1 -1 -1 -1 -1 -1 -1 
-1 -1 -1 -1 -1 -1 -1 -1 

time : 3000
1	1	
1	
do local Dark Migration for app1
Hot task:3
Hot task:7
migrate succcessfully

-1 1 -1 0 -1 -1 -1 -1 
-1 4 5 -1 -1 -1 -1 -1 
-1 -1 8 7 -1 -1 -1 -1 
3 -1 6 2 -1 -1 -1 -1 
-1 -1 -1 -1 -1 -1 -1 -1 
-1 -1 -1 -1 -1 -1 -1 -1 
-1 -1 -1 -1 -1 -1 -1 -1 
-1 -1 -1 -1 -1 -1 -1 -1 

time : 3500
1	
1	
do local Dark Migration for app1
Hot task:8
migrate succcessfully

-1 1 -1 0 -1 -1 -1 -1 
-1 4 5 8 -1 -1 -1 -1 
-1 -1 -1 7 -1 -1 -1 -1 
3 -1 6 2 -1 -1 -1 -1 
-1 -1 -1 -1 -1 -1 -1 -1 
-1 -1 -1 -1 -1 -1 -1 -1 
-1 -1 -1 -1 -1 -1 -1 -1 
-1 -1 -1 -1 -1 -1 -1 -1 

time : 4000
1	
1	
do local Dark Migration for app1
Hot task:4
migrate succcessfully

-1 1 4 0 -1 -1 -1 -1 
-1 -1 5 8 -1 -1 -1 -1 
-1 -1 -1 7 -1 -1 -1 -1 
3 -1 6 2 -1 -1 -1 -1 
-1 -1 -1 -1 -1 -1 -1 -1 
-1 -1 -1 -1 -1 -1 -1 -1 
-1 -1 -1 -1 -1 -1 -1 -1 
-1 -1 -1 -1 -1 -1 -1 -1 

APP 1 finished
 arrive at 0 finished at 4102
 waiting time: 0
 execution time: 4102
migratetimes: 5
migrate_distance: 18
total running time: 4103

-1 -1 -1 -1 -1 -1 -1 -1 
-1 -1 -1 -1 -1 -1 -1 -1 
-1 -1 -1 -1 -1 -1 -1 -1 
-1 -1 -1 -1 -1 -1 -1 -1 
-1 -1 -1 -1 -1 -1 -1 -1 
-1 -1 -1 -1 -1 -1 -1 -1 
-1 -1 -1 -1 -1 -1 -1 -1 
-1 -1 -1 -1 -1 -1 -1 -1 

