/home/chris/simulator/app/single/level6.txt
Output: /home/chris/simulator/Ptrace/mixture4.ptrace
start running
withbubblemap: 4*4

0 1 2 -1 -1 -1 -1 -1 
3 4 5 -1 -1 -1 -1 -1 
6 7 8 -1 -1 -1 -1 -1 
-1 -1 -1 -1 -1 -1 -1 -1 
-1 -1 -1 -1 -1 -1 -1 -1 
-1 -1 -1 -1 -1 -1 -1 -1 
-1 -1 -1 -1 -1 -1 -1 -1 
-1 -1 -1 -1 -1 -1 -1 -1 

time : 500
1	
1	
do local Dark Migration for app1
Hot task:0
migrate succcessfully

-1 1 2 0 -1 -1 -1 -1 
3 4 5 -1 -1 -1 -1 -1 
6 7 8 -1 -1 -1 -1 -1 
-1 -1 -1 -1 -1 -1 -1 -1 
-1 -1 -1 -1 -1 -1 -1 -1 
-1 -1 -1 -1 -1 -1 -1 -1 
-1 -1 -1 -1 -1 -1 -1 -1 
-1 -1 -1 -1 -1 -1 -1 -1 

time : 1500
1	
1	
do local Dark Migration for app1
Hot task:7
migrate succcessfully

-1 1 2 0 -1 -1 -1 -1 
3 4 5 -1 -1 -1 -1 -1 
6 -1 8 -1 -1 -1 -1 -1 
-1 -1 -1 7 -1 -1 -1 -1 
-1 -1 -1 -1 -1 -1 -1 -1 
-1 -1 -1 -1 -1 -1 -1 -1 
-1 -1 -1 -1 -1 -1 -1 -1 
-1 -1 -1 -1 -1 -1 -1 -1 

time : 2000
1	
1	
do local Dark Migration for app1
Hot task:2
migrate succcessfully

-1 1 -1 0 -1 -1 -1 -1 
3 4 5 -1 -1 -1 -1 -1 
6 -1 8 -1 -1 -1 -1 -1 
2 -1 -1 7 -1 -1 -1 -1 
-1 -1 -1 -1 -1 -1 -1 -1 
-1 -1 -1 -1 -1 -1 -1 -1 
-1 -1 -1 -1 -1 -1 -1 -1 
-1 -1 -1 -1 -1 -1 -1 -1 

time : 3500
1	
1	
do local Dark Migration for app1
Hot task:4
migrate succcessfully

-1 1 -1 0 -1 -1 -1 -1 
3 -1 5 -1 -1 -1 -1 -1 
6 -1 8 -1 -1 -1 -1 -1 
2 4 -1 7 -1 -1 -1 -1 
-1 -1 -1 -1 -1 -1 -1 -1 
-1 -1 -1 -1 -1 -1 -1 -1 
-1 -1 -1 -1 -1 -1 -1 -1 
-1 -1 -1 -1 -1 -1 -1 -1 

time : 4500
1	
1	
do local Dark Migration for app1
Hot task:5
migrate succcessfully

-1 1 -1 0 -1 -1 -1 -1 
3 -1 -1 -1 -1 -1 -1 -1 
6 -1 8 5 -1 -1 -1 -1 
2 4 -1 7 -1 -1 -1 -1 
-1 -1 -1 -1 -1 -1 -1 -1 
-1 -1 -1 -1 -1 -1 -1 -1 
-1 -1 -1 -1 -1 -1 -1 -1 
-1 -1 -1 -1 -1 -1 -1 -1 

APP 1 finished
 arrive at 0 finished at 5403
 waiting time: 0
 execution time: 5403
migratetimes: 5
migrate_distance: 15
total running time: 5404

-1 -1 -1 -1 -1 -1 -1 -1 
-1 -1 -1 -1 -1 -1 -1 -1 
-1 -1 -1 -1 -1 -1 -1 -1 
-1 -1 -1 -1 -1 -1 -1 -1 
-1 -1 -1 -1 -1 -1 -1 -1 
-1 -1 -1 -1 -1 -1 -1 -1 
-1 -1 -1 -1 -1 -1 -1 -1 
-1 -1 -1 -1 -1 -1 -1 -1 

