/home/chris/simulator/app/arrivalrate/a750/t1.txt
/home/chris/simulator/app/arrivalrate/a750/t2.txt
/home/chris/simulator/app/arrivalrate/a750/t3.txt
/home/chris/simulator/app/arrivalrate/a750/t4.txt
/home/chris/simulator/app/arrivalrate/a750/t5.txt
/home/chris/simulator/app/arrivalrate/a750/t6.txt
/home/chris/simulator/app/arrivalrate/a750/t7.txt
Output: /home/chris/simulator/Ptrace/mixture3.ptrace
start running
time : 0

1 1 1 1 1 1 1 1 
1 -1 -1 -1 -1 -1 -1 -1 
-1 -1 -1 -1 -1 -1 -1 -1 
-1 -1 -1 -1 -1 -1 -1 -1 
-1 -1 -1 -1 -1 -1 -1 -1 
-1 -1 -1 -1 -1 -1 -1 -1 
-1 -1 -1 -1 -1 -1 -1 -1 
-1 -1 -1 -1 -1 -1 -1 -1 

time : 500
1	
1	
do GlobalColdest Migration for app1
Hot task:0
migrate succcessfully

-1 1 1 1 1 1 1 1 
1 -1 -1 -1 -1 -1 -1 1 
-1 -1 -1 -1 -1 -1 -1 -1 
-1 -1 -1 -1 -1 -1 -1 -1 
-1 -1 -1 -1 -1 -1 -1 -1 
-1 -1 -1 -1 -1 -1 -1 -1 
-1 -1 -1 -1 -1 -1 -1 -1 
-1 -1 -1 -1 -1 -1 -1 -1 

time : 750

2 1 1 1 1 1 1 1 
1 2 2 2 2 2 2 1 
2 2 -1 -1 -1 -1 -1 -1 
-1 -1 -1 -1 -1 -1 -1 -1 
-1 -1 -1 -1 -1 -1 -1 -1 
-1 -1 -1 -1 -1 -1 -1 -1 
-1 -1 -1 -1 -1 -1 -1 -1 
-1 -1 -1 -1 -1 -1 -1 -1 

time : 1000
2	1	
1	2	
do GlobalColdest Migration for app1
Hot task:7
migrate succcessfully
do GlobalColdest Migration for app2
Hot task:0
migrate succcessfully

-1 1 1 1 1 1 1 -1 
1 2 2 2 2 2 2 1 
2 2 -1 -1 -1 -1 -1 -1 
-1 -1 -1 -1 -1 -1 -1 -1 
-1 -1 -1 -1 -1 -1 -1 -1 
-1 -1 -1 -1 -1 -1 -1 -1 
-1 -1 -1 -1 -1 -1 -1 -1 
1 -1 -1 -1 -1 -1 -1 2 

time : 1500

3 1 1 1 1 1 1 3 
1 2 2 2 2 2 2 1 
2 2 3 3 3 3 3 3 
3 -1 -1 -1 -1 -1 -1 -1 
-1 -1 -1 -1 -1 -1 -1 -1 
-1 -1 -1 -1 -1 -1 -1 -1 
-1 -1 -1 -1 -1 -1 -1 -1 
1 -1 -1 -1 -1 -1 -1 2 

time : 1500
1	1	1	1	
1	
do GlobalColdest Migration for app1
Hot task:2
Hot task:3
Hot task:4
Hot task:5
migrate succcessfully

3 1 -1 -1 -1 -1 1 3 
1 2 2 2 2 2 2 1 
2 2 3 3 3 3 3 3 
3 -1 -1 -1 -1 -1 -1 -1 
1 -1 -1 -1 -1 -1 -1 1 
1 -1 -1 -1 -1 -1 -1 1 
-1 -1 -1 -1 -1 -1 -1 -1 
1 -1 -1 -1 -1 -1 -1 2 

APP 1 finished
 arrive at 0 finished at 1902
 waiting time: 0
 execution time: 1902
migratetimes: 3
migrate_distance: 52
time : 2000
3	
3	
do GlobalColdest Migration for app3
Hot task:0
migrate succcessfully

-1 -1 -1 -1 -1 -1 -1 3 
-1 2 2 2 2 2 2 -1 
2 2 3 3 3 3 3 3 
3 -1 -1 -1 -1 -1 -1 -1 
-1 -1 -1 -1 -1 -1 -1 -1 
-1 -1 -1 -1 -1 -1 -1 -1 
-1 -1 -1 -1 -1 -1 -1 -1 
-1 -1 -1 3 -1 -1 -1 2 

time : 2250

4 4 4 4 4 4 4 3 
4 2 2 2 2 2 2 4 
2 2 3 3 3 3 3 3 
3 -1 -1 -1 -1 -1 -1 -1 
-1 -1 -1 -1 -1 -1 -1 -1 
-1 -1 -1 -1 -1 -1 -1 -1 
-1 -1 -1 -1 -1 -1 -1 -1 
-1 -1 -1 3 -1 -1 -1 2 

time : 2500
4	
4	
do GlobalColdest Migration for app4
Hot task:0
migrate succcessfully

-1 4 4 4 4 4 4 3 
4 2 2 2 2 2 2 4 
2 2 3 3 3 3 3 3 
3 -1 -1 -1 -1 -1 -1 -1 
-1 -1 -1 -1 -1 -1 -1 -1 
-1 -1 -1 -1 -1 -1 -1 -1 
-1 -1 -1 -1 -1 -1 -1 -1 
-1 -1 -1 3 -1 4 -1 2 

time : 3000

5 4 4 4 4 4 4 3 
4 2 2 2 2 2 2 4 
2 2 3 3 3 3 3 3 
3 5 5 5 5 5 5 5 
5 -1 -1 -1 -1 -1 -1 -1 
-1 -1 -1 -1 -1 -1 -1 -1 
-1 -1 -1 -1 -1 -1 -1 -1 
-1 -1 -1 3 -1 4 -1 2 

time : 3000
2	2	2	3	
2	3	
do GlobalColdest Migration for app2
Hot task:1
Hot task:2
Hot task:3
migrate succcessfully
do GlobalColdest Migration for app3
Hot task:2
migrate succcessfully

5 4 4 4 4 4 4 3 
4 -1 -1 -1 2 2 2 4 
2 2 -1 3 3 3 3 3 
3 5 5 5 5 5 5 5 
5 -1 -1 2 2 -1 -1 -1 
-1 -1 -1 2 3 -1 -1 -1 
-1 -1 -1 -1 -1 -1 -1 -1 
-1 -1 -1 3 -1 4 -1 2 

time : 3500
5	3	
3	5	
do GlobalColdest Migration for app3
Hot task:1
migrate succcessfully
do GlobalColdest Migration for app5
Hot task:0
migrate succcessfully

-1 4 4 4 4 4 4 -1 
4 -1 -1 -1 2 2 2 4 
2 2 -1 3 3 3 3 3 
3 5 5 5 5 5 5 5 
5 -1 -1 2 2 -1 -1 -1 
-1 -1 -1 2 3 -1 -1 5 
-1 -1 -1 -1 -1 -1 -1 -1 
3 -1 -1 3 -1 4 -1 2 

time : 3750

6 4 4 4 4 4 4 6 
4 6 6 6 2 2 2 4 
2 2 6 3 3 3 3 3 
3 5 5 5 5 5 5 5 
5 6 6 2 2 6 -1 -1 
-1 -1 -1 2 3 -1 -1 5 
-1 -1 -1 -1 -1 -1 -1 -1 
3 -1 -1 3 -1 4 -1 2 

time : 4000
6	4	2	2	2	2	2	3	
2	3	4	6	
do GlobalColdest Migration for app2
Hot task:4
Hot task:5
Hot task:6
Hot task:7
Hot task:8
migrate succcessfully
do GlobalColdest Migration for app3
Hot task:5
migrate succcessfully
do GlobalColdest Migration for app4
Hot task:3
migrate succcessfully
do GlobalColdest Migration for app6
Hot task:0
migrate succcessfully

-1 4 4 -1 4 4 4 6 
4 6 6 6 -1 -1 -1 4 
-1 -1 6 3 3 -1 3 3 
3 5 5 5 5 5 5 5 
5 6 6 2 2 6 2 4 
2 2 -1 2 3 -1 -1 5 
-1 2 3 -1 -1 -1 -1 6 
3 -1 2 3 -1 4 -1 2 

APP 2 finished
 arrive at 750 finished at 4252
 waiting time: 0
 execution time: 3502
migratetimes: 3
migrate_distance: 58
time : 4500

7 4 4 7 4 4 4 6 
4 6 6 6 7 7 7 4 
7 7 6 3 3 7 3 3 
3 5 5 5 5 5 5 5 
5 6 6 7 -1 6 -1 4 
-1 -1 -1 -1 3 -1 -1 5 
-1 -1 3 -1 -1 -1 -1 6 
3 -1 -1 3 -1 4 -1 -1 

time : 4500
4	4	
4	
do GlobalColdest Migration for app4
Hot task:1
Hot task:2
migrate succcessfully

7 -1 -1 7 4 4 4 6 
4 6 6 6 7 7 7 4 
7 7 6 3 3 7 3 3 
3 5 5 5 5 5 5 5 
5 6 6 7 -1 6 -1 4 
-1 -1 -1 -1 3 -1 -1 5 
-1 -1 3 -1 -1 -1 -1 6 
3 -1 -1 3 4 4 4 -1 

time : 5000
7	4	3	3	5	
3	4	5	7	
do GlobalColdest Migration for app3
Hot task:3
Hot task:4
migrate succcessfully
do GlobalColdest Migration for app4
Hot task:8
migrate succcessfully
do GlobalColdest Migration for app5
Hot task:1
migrate succcessfully
do GlobalColdest Migration for app7
Hot task:0
migrate succcessfully

-1 -1 -1 7 4 4 4 6 
4 6 6 6 7 7 7 -1 
7 7 6 -1 -1 7 3 3 
3 -1 5 5 5 5 5 5 
5 6 6 7 -1 6 -1 4 
-1 -1 -1 5 3 7 -1 5 
-1 -1 3 -1 3 3 -1 6 
3 -1 4 3 4 4 4 -1 

time : 5500
4	6	6	6	5	5	5	6	6	
4	5	6	
do GlobalColdest Migration for app4
Hot task:6
migrate succcessfully
do GlobalColdest Migration for app5
Hot task:3
Hot task:4
Hot task:5
migrate succcessfully
do GlobalColdest Migration for app6
Hot task:1
Hot task:4
Hot task:5
Hot task:6
Hot task:7
migrate succcessfully

-1 -1 -1 7 4 4 -1 -1 
4 6 6 -1 7 7 7 -1 
7 7 -1 -1 -1 7 3 3 
3 -1 5 -1 -1 -1 5 5 
5 -1 -1 7 -1 6 -1 4 
4 6 6 5 3 7 6 5 
5 5 3 6 3 3 -1 6 
3 6 4 3 4 4 4 5 

time : 6000
7	4	4	4	6	6	7	
4	6	7	
do GlobalColdest Migration for app4
Hot task:4
Hot task:5
Hot task:7
migrate succcessfully
do GlobalColdest Migration for app6
Hot task:2
Hot task:3
migrate succcessfully
do GlobalColdest Migration for app7
Hot task:1
Hot task:2
migrate succcessfully

-1 7 -1 -1 -1 -1 -1 -1 
-1 -1 -1 -1 -1 7 7 4 
7 7 -1 -1 6 7 3 3 
3 7 5 -1 -1 -1 5 5 
5 -1 -1 7 4 6 6 4 
4 6 6 5 3 7 6 5 
5 5 3 6 3 3 4 6 
3 6 4 3 4 4 4 5 

APP 4 finished
 arrive at 2250 finished at 6051
 waiting time: 0
 execution time: 3801
migratetimes: 6
migrate_distance: 81
APP 6 finished
 arrive at 3750 finished at 6051
 waiting time: 0
 execution time: 2301
migratetimes: 3
migrate_distance: 55
time : 6500
3	5	
3	5	
do GlobalColdest Migration for app3
Hot task:8
migrate succcessfully
do GlobalColdest Migration for app5
Hot task:8
migrate succcessfully

-1 7 -1 -1 -1 -1 -1 -1 
-1 -1 -1 -1 -1 7 7 -1 
7 7 -1 -1 -1 7 3 3 
-1 7 5 -1 -1 -1 5 5 
-1 -1 -1 7 -1 -1 -1 -1 
-1 -1 -1 5 3 7 -1 5 
5 5 3 -1 3 3 -1 -1 
3 -1 -1 3 3 5 -1 5 

APP 3 finished
 arrive at 1500 finished at 6601
 waiting time: 0
 execution time: 5101
migratetimes: 6
migrate_distance: 54
time : 7000
7	5	
5	7	
do GlobalColdest Migration for app5
Hot task:7
migrate succcessfully
do GlobalColdest Migration for app7
Hot task:5
migrate succcessfully

-1 7 -1 -1 -1 -1 -1 -1 
-1 -1 -1 -1 -1 7 7 -1 
-1 7 -1 -1 -1 7 -1 -1 
-1 7 5 -1 -1 -1 5 -1 
-1 -1 -1 7 -1 -1 -1 -1 
-1 -1 -1 5 -1 7 -1 5 
5 5 -1 -1 -1 -1 -1 5 
-1 -1 7 -1 -1 5 -1 5 

APP 5 finished
 arrive at 3000 finished at 7402
 waiting time: 0
 execution time: 4402
migratetimes: 5
migrate_distance: 45
time : 7500
7	7	
7	
do GlobalColdest Migration for app7
Hot task:3
Hot task:4
migrate succcessfully

-1 7 -1 -1 -1 -1 -1 -1 
-1 -1 -1 -1 -1 -1 -1 -1 
-1 7 -1 -1 -1 7 -1 -1 
-1 7 -1 -1 -1 -1 -1 -1 
-1 -1 -1 7 -1 -1 -1 -1 
-1 -1 -1 -1 -1 7 -1 -1 
-1 -1 -1 -1 -1 -1 -1 -1 
7 -1 7 7 -1 -1 -1 -1 

time : 8500
7	
7	
do GlobalColdest Migration for app7
Hot task:7
migrate succcessfully

-1 7 -1 -1 -1 -1 -1 -1 
-1 -1 -1 -1 -1 -1 -1 -1 
-1 7 -1 -1 -1 -1 -1 -1 
-1 7 -1 -1 -1 -1 -1 -1 
-1 -1 -1 7 -1 -1 -1 -1 
-1 -1 -1 -1 -1 7 -1 -1 
-1 -1 -1 -1 -1 -1 -1 -1 
7 -1 7 7 -1 7 -1 -1 

APP 7 finished
 arrive at 4500 finished at 8803
 waiting time: 0
 execution time: 4303
migratetimes: 5
migrate_distance: 49
total running time: 8804

-1 -1 -1 -1 -1 -1 -1 -1 
-1 -1 -1 -1 -1 -1 -1 -1 
-1 -1 -1 -1 -1 -1 -1 -1 
-1 -1 -1 -1 -1 -1 -1 -1 
-1 -1 -1 -1 -1 -1 -1 -1 
-1 -1 -1 -1 -1 -1 -1 -1 
-1 -1 -1 -1 -1 -1 -1 -1 
-1 -1 -1 -1 -1 -1 -1 -1 

