/home/chris/simulator/app/arrivalrate/a750/t1.txt
/home/chris/simulator/app/arrivalrate/a750/t2.txt
/home/chris/simulator/app/arrivalrate/a750/t3.txt
/home/chris/simulator/app/arrivalrate/a750/t4.txt
/home/chris/simulator/app/arrivalrate/a750/t5.txt
/home/chris/simulator/app/arrivalrate/a750/t6.txt
/home/chris/simulator/app/arrivalrate/a750/t7.txt
Output: /home/chris/simulator/Ptrace/mixture4.ptrace
start running
withbubblemap: 4*4
time : 0

1 1 1 -1 -1 -1 -1 -1 
1 1 1 -1 -1 -1 -1 -1 
1 1 1 -1 -1 -1 -1 -1 
-1 -1 -1 -1 -1 -1 -1 -1 
-1 -1 -1 -1 -1 -1 -1 -1 
-1 -1 -1 -1 -1 -1 -1 -1 
-1 -1 -1 -1 -1 -1 -1 -1 
-1 -1 -1 -1 -1 -1 -1 -1 

time : 500
1	
1	
do local Dark Migration for app1
Hot task:0
migrate succcessfully

-1 1 1 1 -1 -1 -1 -1 
1 1 1 -1 -1 -1 -1 -1 
1 1 1 -1 -1 -1 -1 -1 
-1 -1 -1 -1 -1 -1 -1 -1 
-1 -1 -1 -1 -1 -1 -1 -1 
-1 -1 -1 -1 -1 -1 -1 -1 
-1 -1 -1 -1 -1 -1 -1 -1 
-1 -1 -1 -1 -1 -1 -1 -1 

withbubblemap: 4*4
time : 750

-1 1 1 1 2 2 2 -1 
1 1 1 -1 2 2 2 -1 
1 1 1 -1 2 2 2 -1 
-1 -1 -1 -1 -1 -1 -1 -1 
-1 -1 -1 -1 -1 -1 -1 -1 
-1 -1 -1 -1 -1 -1 -1 -1 
-1 -1 -1 -1 -1 -1 -1 -1 
-1 -1 -1 -1 -1 -1 -1 -1 

time : 1000
1	
1	
do local Dark Migration for app1
Hot task:2
migrate succcessfully

-1 1 -1 1 2 2 2 -1 
1 1 1 -1 2 2 2 -1 
1 1 1 -1 2 2 2 -1 
-1 -1 -1 1 -1 -1 -1 -1 
-1 -1 -1 -1 -1 -1 -1 -1 
-1 -1 -1 -1 -1 -1 -1 -1 
-1 -1 -1 -1 -1 -1 -1 -1 
-1 -1 -1 -1 -1 -1 -1 -1 

withbubblemap: 4*4
time : 1500

-1 1 -1 1 2 2 2 -1 
1 1 1 -1 2 2 2 -1 
1 1 1 -1 2 2 2 -1 
-1 -1 -1 1 -1 -1 -1 -1 
3 3 3 -1 -1 -1 -1 -1 
3 3 3 -1 -1 -1 -1 -1 
3 3 3 -1 -1 -1 -1 -1 
-1 -1 -1 -1 -1 -1 -1 -1 

time : 1500
1	1	1	1	1	
1	
do local Dark Migration for app1
Hot task:3
Hot task:4
Hot task:6
Hot task:7
Hot task:8
migrate succcessfully

-1 1 -1 1 2 2 2 -1 
-1 -1 1 1 2 2 2 -1 
-1 -1 -1 1 2 2 2 -1 
1 1 1 1 -1 -1 -1 -1 
3 3 3 -1 -1 -1 -1 -1 
3 3 3 -1 -1 -1 -1 -1 
3 3 3 -1 -1 -1 -1 -1 
-1 -1 -1 -1 -1 -1 -1 -1 

APP 1 finished
 arrive at 0 finished at 1701
 waiting time: 0
 execution time: 1701
migratetimes: 3
migrate_distance: 18
time : 2000
2	2	2	3	
2	3	
do local Dark Migration for app2
Hot task:1
Hot task:2
Hot task:3
migrate succcessfully
do local Dark Migration for app3
Hot task:0
migrate succcessfully

-1 -1 -1 -1 2 -1 -1 -1 
-1 -1 -1 -1 -1 2 2 2 
-1 -1 -1 -1 2 2 2 2 
-1 -1 -1 -1 -1 -1 -1 2 
-1 3 3 -1 -1 -1 -1 -1 
3 3 3 -1 -1 -1 -1 -1 
3 3 3 -1 -1 -1 -1 -1 
3 -1 -1 -1 -1 -1 -1 -1 

withbubblemap: 4*4
time : 2250

4 4 4 -1 2 -1 -1 -1 
4 4 4 -1 -1 2 2 2 
4 4 4 -1 2 2 2 2 
-1 -1 -1 -1 -1 -1 -1 2 
-1 3 3 -1 -1 -1 -1 -1 
3 3 3 -1 -1 -1 -1 -1 
3 3 3 -1 -1 -1 -1 -1 
3 -1 -1 -1 -1 -1 -1 -1 

time : 2500
2	
2	
do local Dark Migration for app2
Hot task:5
migrate succcessfully

4 4 4 -1 2 -1 -1 -1 
4 4 4 -1 -1 2 -1 2 
4 4 4 -1 2 2 2 2 
-1 -1 -1 -1 -1 2 -1 2 
-1 3 3 -1 -1 -1 -1 -1 
3 3 3 -1 -1 -1 -1 -1 
3 3 3 -1 -1 -1 -1 -1 
3 -1 -1 -1 -1 -1 -1 -1 

time : 3000
2	2	2	3	3	
2	3	
do local Dark Migration for app2
Hot task:4
Hot task:6
Hot task:7
migrate succcessfully
do local Dark Migration for app3
Hot task:1
Hot task:2
migrate succcessfully

4 4 4 -1 2 -1 2 2 
4 4 4 -1 -1 -1 -1 2 
4 4 4 -1 -1 -1 2 2 
-1 -1 -1 -1 2 2 -1 2 
-1 -1 -1 -1 -1 -1 -1 -1 
3 3 3 -1 -1 -1 -1 -1 
3 3 3 -1 -1 -1 -1 -1 
3 -1 3 3 -1 -1 -1 -1 

APP 2 finished
 arrive at 750 finished at 3151
 waiting time: 0
 execution time: 2401
migratetimes: 3
migrate_distance: 23
withbubblemap: 4*4
time : 3152

4 4 4 -1 5 5 5 -1 
4 4 4 -1 5 5 5 -1 
4 4 4 -1 5 5 5 -1 
-1 -1 -1 -1 -1 -1 -1 -1 
-1 -1 -1 -1 -1 -1 -1 -1 
3 3 3 -1 -1 -1 -1 -1 
3 3 3 -1 -1 -1 -1 -1 
3 -1 3 3 -1 -1 -1 -1 

time : 3500
4	4	5	4	
4	5	
do local Dark Migration for app4
Hot task:1
Hot task:2
Hot task:3
migrate succcessfully
do local Dark Migration for app5
Hot task:0
migrate succcessfully

4 -1 -1 -1 -1 5 5 -1 
-1 4 4 4 5 5 5 -1 
4 4 4 -1 5 5 5 -1 
4 -1 -1 4 -1 -1 -1 5 
-1 -1 -1 -1 -1 -1 -1 -1 
3 3 3 -1 -1 -1 -1 -1 
3 3 3 -1 -1 -1 -1 -1 
3 -1 3 3 -1 -1 -1 -1 

time : 4000
4	3	3	3	3	
3	4	
do local Dark Migration for app3
Hot task:3
Hot task:4
Hot task:5
Hot task:6
migrate succcessfully
do local Dark Migration for app4
Hot task:8
migrate succcessfully

4 -1 -1 -1 -1 5 5 -1 
-1 4 4 4 5 5 5 -1 
4 4 -1 -1 5 5 5 -1 
4 4 -1 4 -1 -1 -1 5 
3 -1 -1 3 -1 -1 -1 -1 
-1 -1 -1 -1 -1 -1 -1 -1 
-1 3 3 3 -1 -1 -1 -1 
3 3 3 3 -1 -1 -1 -1 

time : 4500
5	5	4	4	4	4	
4	5	
do local Dark Migration for app4
Hot task:4
Hot task:5
Hot task:6
Hot task:7
migrate succcessfully
do local Dark Migration for app5
Hot task:1
Hot task:2
migrate succcessfully

4 -1 4 4 -1 -1 -1 -1 
-1 -1 -1 4 5 5 5 5 
-1 -1 -1 4 5 5 5 -1 
4 4 4 4 -1 5 -1 5 
3 -1 -1 3 -1 -1 -1 -1 
-1 -1 -1 -1 -1 -1 -1 -1 
-1 3 3 3 -1 -1 -1 -1 
3 3 3 3 -1 -1 -1 -1 

APP 4 finished
 arrive at 2250 finished at 4651
 waiting time: 0
 execution time: 2401
migratetimes: 3
migrate_distance: 24
withbubblemap: 4*4
time : 4652

6 6 6 -1 -1 -1 -1 -1 
6 6 6 -1 5 5 5 5 
6 6 6 -1 5 5 5 -1 
-1 -1 -1 -1 -1 5 -1 5 
3 -1 -1 3 -1 -1 -1 -1 
-1 -1 -1 -1 -1 -1 -1 -1 
-1 3 3 3 -1 -1 -1 -1 
3 3 3 3 -1 -1 -1 -1 

time : 5000
6	3	
3	6	
do local Dark Migration for app3
Hot task:7
migrate succcessfully
do local Dark Migration for app6
Hot task:0
migrate succcessfully

-1 6 6 6 -1 -1 -1 -1 
6 6 6 -1 5 5 5 5 
6 6 6 -1 5 5 5 -1 
-1 -1 -1 -1 -1 5 -1 5 
3 -1 -1 3 -1 -1 -1 -1 
-1 -1 -1 3 -1 -1 -1 -1 
-1 -1 3 3 -1 -1 -1 -1 
3 3 3 3 -1 -1 -1 -1 

APP 3 finished
 arrive at 1500 finished at 5001
 waiting time: 0
 execution time: 3501
migratetimes: 4
migrate_distance: 24
withbubblemap: 4*4
time : 5002

-1 6 6 6 -1 -1 -1 -1 
6 6 6 -1 5 5 5 5 
6 6 6 -1 5 5 5 -1 
-1 -1 -1 -1 -1 5 -1 5 
7 7 7 -1 -1 -1 -1 -1 
7 7 7 -1 -1 -1 -1 -1 
7 7 7 -1 -1 -1 -1 -1 
-1 -1 -1 -1 -1 -1 -1 -1 

time : 5500
5	5	5	5	7	
5	7	
do local Dark Migration for app5
Hot task:3
Hot task:4
Hot task:5
Hot task:6
migrate succcessfully
do local Dark Migration for app7
Hot task:0
migrate succcessfully

-1 6 6 6 -1 -1 -1 5 
6 6 6 -1 -1 -1 -1 5 
6 6 6 -1 -1 5 5 5 
-1 -1 -1 -1 5 5 5 5 
-1 7 7 -1 -1 -1 -1 -1 
7 7 7 -1 -1 -1 -1 -1 
7 7 7 -1 -1 -1 -1 -1 
-1 -1 -1 7 -1 -1 -1 -1 

time : 6000
6	6	6	6	6	6	6	6	
6	
do local Dark Migration for app6
Hot task:1
Hot task:2
Hot task:3
Hot task:4
Hot task:5
Hot task:6
Hot task:7
Hot task:8
migrate succcessfully

6 -1 -1 6 -1 -1 -1 5 
-1 -1 -1 6 -1 -1 -1 5 
-1 -1 -1 6 -1 5 5 5 
6 6 6 6 5 5 5 5 
-1 7 7 -1 -1 -1 -1 -1 
7 7 7 -1 -1 -1 -1 -1 
7 7 7 -1 -1 -1 -1 -1 
-1 -1 -1 7 -1 -1 -1 -1 

APP 6 finished
 arrive at 3750 finished at 6353
 waiting time: 902
 execution time: 1701
migratetimes: 2
migrate_distance: 26
time : 6500
5	5	7	7	
5	7	
do local Dark Migration for app5
Hot task:7
Hot task:8
migrate succcessfully
do local Dark Migration for app7
Hot task:1
Hot task:2
migrate succcessfully

-1 -1 -1 -1 -1 5 5 5 
-1 -1 -1 -1 -1 -1 -1 5 
-1 -1 -1 -1 -1 -1 -1 5 
-1 -1 -1 -1 5 5 5 5 
-1 -1 -1 -1 -1 -1 -1 -1 
7 7 7 -1 -1 -1 -1 -1 
7 7 7 -1 -1 -1 -1 -1 
7 7 -1 7 -1 -1 -1 -1 

APP 5 finished
 arrive at 3000 finished at 6554
 waiting time: 152
 execution time: 3402
migratetimes: 4
migrate_distance: 27
time : 7500
7	7	7	
7	
do local Dark Migration for app7
Hot task:3
Hot task:4
Hot task:5
migrate succcessfully

-1 -1 -1 -1 -1 -1 -1 -1 
-1 -1 -1 -1 -1 -1 -1 -1 
-1 -1 -1 -1 -1 -1 -1 -1 
-1 -1 -1 -1 -1 -1 -1 -1 
-1 -1 -1 7 -1 -1 -1 -1 
-1 -1 -1 -1 -1 -1 -1 -1 
7 7 7 7 -1 -1 -1 -1 
7 7 7 7 -1 -1 -1 -1 

time : 8000
7	7	
7	
do local Dark Migration for app7
Hot task:7
Hot task:8
migrate succcessfully

-1 -1 -1 -1 -1 -1 -1 -1 
-1 -1 -1 -1 -1 -1 -1 -1 
-1 -1 -1 -1 -1 -1 -1 -1 
-1 -1 -1 -1 -1 -1 -1 -1 
7 -1 -1 7 -1 -1 -1 -1 
-1 -1 -1 7 -1 -1 -1 -1 
7 -1 -1 7 -1 -1 -1 -1 
7 7 7 7 -1 -1 -1 -1 

APP 7 finished
 arrive at 4500 finished at 8303
 waiting time: 502
 execution time: 3301
migratetimes: 4
migrate_distance: 30
total running time: 8304

-1 -1 -1 -1 -1 -1 -1 -1 
-1 -1 -1 -1 -1 -1 -1 -1 
-1 -1 -1 -1 -1 -1 -1 -1 
-1 -1 -1 -1 -1 -1 -1 -1 
-1 -1 -1 -1 -1 -1 -1 -1 
-1 -1 -1 -1 -1 -1 -1 -1 
-1 -1 -1 -1 -1 -1 -1 -1 
-1 -1 -1 -1 -1 -1 -1 -1 

